************************************************************
    IFOPT - Interface to Nonlinear Optimizers (v2.0)
                © Alexander W. Winkler
           https://github.com/ethz-adrl/ifopt
************************************************************
Legend:
c - number of variables, constraints or cost terms
i - indices of this set in overall problem
v - number of [violated variable- or constraint-bounds] or [cost term value]

                                   c             i             v 
variable-sets:
   load_variables                  40        0.....39           1
   switch_shunt_variables           6       40.....45           0
   line_variables                 162       46....207           0
   trans_variables                 60      208....267          10
   gen_variables                   27      268....294           1
   bus_variables                   75      295....369          15

constraint-sets:
   load_variables_constraint       48        0.....47           2
   line_variables_constraint       54       48....101           0
   trans_variables_constraint      28      102....129           0
   gen_variables_constraint        60      130....189           2
   bus_variables_constraint        90      190....279          15

cost-terms:
   load_variables_obj               1        0......0  2355555.00
   line_variables_obj               1        0......0     -800.00
   trans_variables_obj              1        0......0     -300.00
   gen_variables_obj                1        0......0   -22750.00
   bus_variables_obj                1        0......0       -0.00

Tried to set Option: bound_relax_factor. It is a valid option, but it is of type  Number, not of type Integer. Please check the documentation for options.

### bound_relax_factor (Real Number) ###
Category: NLP
Description: Factor for initial relaxation of the bounds.
0 <= (1e-08) <= +inf

******************************************************************************
This program contains Ipopt, a library for large-scale nonlinear optimization.
 Ipopt is released as open source code under the Eclipse Public License (EPL).
         For more information visit https://github.com/coin-or/Ipopt
******************************************************************************

Total number of variables............................:      359
                     variables with only lower bounds:        4
                variables with lower and upper bounds:      251
                     variables with only upper bounds:        0
Total number of equality constraints.................:       30
Total number of inequality constraints...............:      250
        inequality constraints with only lower bounds:      114
   inequality constraints with lower and upper bounds:       56
        inequality constraints with only upper bounds:       80


Number of Iterations....: 29

                                   (scaled)                 (unscaled)
Objective...............:  -2.6518718842309169e+07   -2.6694616443641449e+13
Dual infeasibility......:   5.8450693140044155e-11    5.8838394249614341e-05
Constraint violation....:   6.8621056925621815e-07    6.8621056925621815e-07
Complementarity.........:   3.0589110891268438e-11    3.0792007240245783e-05
Overall NLP error.......:   6.8621056925621815e-07    5.8838394249614341e-05


Number of objective function evaluations             = 41
Number of objective gradient evaluations             = 30
Number of equality constraint evaluations            = 41
Number of inequality constraint evaluations          = 41
Number of equality constraint Jacobian evaluations   = 30
Number of inequality constraint Jacobian evaluations = 30
Number of Lagrangian Hessian evaluations             = 0
Total CPU secs in IPOPT (w/o function evaluations)   =      1.021
Total CPU secs in NLP function evaluations           =      5.229

EXIT: Optimal Solution Found.
                     0.53                      0.53                      0.49                      0.49                      0.50                      0.53                      0.53                      0.17                      0.17                      0.17                      0.17                      0.17                      0.61                      0.53                      0.61                      0.53                      0.13                      0.13                      0.13                      0.13                      0.13                      0.13                      0.13                      0.13                      0.13                      0.13                      0.13                      0.13                      0.50                      0.50                      0.50                      0.50                      0.50                      0.50                      0.50                      1.00                      1.75                      0.50                      0.25                      1.00                      1.00                      1.00                      2.22                      1.00                      1.00                      2.22                      2.93                      2.93                     10.00                  12543.55                      3.00                      3.00                     10.07                  12540.12                      2.95                      2.95                     10.02                  12549.46                      2.91                      2.91                      9.99                  12549.25                      2.91                      2.91                      9.98                  12545.09                      2.91                      2.91                      9.98                  12550.85                      2.63                      2.63                      9.70                  12546.50                      2.56                      2.56                      9.62                  12583.18                      2.56                      2.56                      9.63                  12577.86                      2.54                      2.54                      9.61                  12577.56                      2.58                      2.58                      9.65                  12583.85                      2.55                      2.55                      9.62                  12608.77                      2.65                      2.65                      9.72                  12706.38                      2.53                      2.53                      9.60                  12613.30                      2.54                      2.54                      9.61                  12609.99                      2.72                      2.72                      9.79                  12671.64                      2.55                      2.55                      9.62                  12611.02                      2.38                      2.38                      9.23                  27887.71                      0.51                      0.51                      0.51                      0.49                      0.51                      0.51                      0.49                      0.49                      0.51                      0.49                      0.51                      0.51                      0.49                      0.49                      0.51                      0.49                      0.49                      0.51                     97.80                    -70.27                    282.77                    345.04                    190.02                    464.46                    231.93                   -601.57                   -595.42                   -597.70                   -598.93                   -630.97                   -337.43                   -596.47                   -633.22                   -621.10                   -609.48                   2139.15                    805.06                    885.35                    677.50                    615.89                    749.88                    405.92                   -145.22                    405.30                    392.37                    392.34                    401.72                     63.35                   -287.04                    -40.73                     56.93                     73.73                     -2.70                  -2644.21                    178.73                    128.29                    139.81                    168.29                    197.20                    148.31                    207.93                   -319.22                   -314.83                   -313.84                   -336.95                   -332.17                    448.94                   -323.74                   -325.13                    488.33                   -328.64                   2139.12                    -22.05                    -79.54                    -67.56                    -35.65                      3.12                    -57.89                     20.66                     20.64                     18.68                     28.48                     18.56                     24.86                     18.12                     30.68                     27.35                    176.23                     26.24                  -2644.24                      3.74                      3.74                     12.27                   6350.24                      3.74                      3.74                     12.27                   6350.24                      3.74                      3.74                     12.27                   6350.24                      1.97                      1.97                     10.47                   6037.81                      0.49                      0.49                      0.49                      0.51                      0.00                      0.00                      0.00                      0.00                      0.93                      0.93                      1.10                      0.98                      0.09                      0.09                      0.01                      0.00                      0.00                      0.00                      0.00                      0.00 -100000000000000000000.00 -100000000000000000000.00 -100000000000000000000.00 -100000000000000000000.00                  15693.42                  15693.42                  15693.42                  15693.42                    200.09                    200.09                    200.09                   2255.48                    200.11                    200.11                    200.11                   2255.48                    200.09                    200.09                    200.09                   2255.48                    200.11                    200.11                    200.11                   2255.48                      1.06                      1.06                      1.07                      1.06                      0.13                      0.97                      0.49                      0.20                      0.68                      0.80                      0.80                      0.80                      0.79                      0.80                      0.72                      0.15                      0.15                      0.15                      0.15                      0.15                      0.13                      0.50                      0.50                      0.36                      0.36                      0.36                      0.37                  22505.42                  22505.42                  22505.42                  22505.42                  22505.42                  22505.42                  22505.42                  22505.42                  22505.42                  22505.42                  22505.42                  22505.42                  22505.42                  22505.42                  22505.42                  22014.43                  22014.43                  22014.43                  22014.43                  22014.43                  22014.43                  22014.43                  22014.43                  22014.43                  22014.43                  22014.43                  22014.43                  22014.43                  22014.43                  22014.43                  22098.64                  22098.64                  22098.64                  22098.64                  22098.64                  22098.64                  22098.64                  22098.64                  22020.23                  22098.64                  22098.64                  22098.64                  22098.64                  22098.64                  22097.93                  22412.32                  22412.32                  22412.32                  22412.32                  22412.32                  22412.32                  22412.32                  22412.32                  22333.71                  22412.32                  22412.32                  22412.32                  22412.32                  22412.32                  22411.59                      0.99                      0.99                      0.99                      0.99                      0.99                      0.99                      0.99                      0.99                      1.02                      0.99                      0.99                      0.99                      0.99                      0.99                      0.99

