owner section empty

************************************************************
    IFOPT - Interface to Nonlinear Optimizers (v2.0)
                © Alexander W. Winkler
           https://github.com/ethz-adrl/ifopt
************************************************************
Legend:
c - number of variables, constraints or cost terms
i - indices of this set in overall problem
v - number of [violated variable- or constraint-bounds] or [cost term value]

                                   c             i             v 
variable-sets:
   load_variables                1710        0...1709           2
   switch_shunt_variables          64     1710...1773           0
   line_variables                6507     1774...8280           0
   trans_variables               1950     8281..10230         132
   gen_variables                  469    10231..10699         138
   bus_variables                 3085    10700..13784         617

constraint-sets:
   load_variables_constraint     1368        0...1367         342
   line_variables_constraint     2169     1368...3536           0
   trans_variables_constraint     910     3537...4446           0
   gen_variables_constraint       670     4447...5116         134
   bus_variables_constraint      3702     5117...8818         617

cost-terms:
   load_variables_obj               1        0......0  6689460.93
   line_variables_obj               1        0......0   -72300.00
   trans_variables_obj              1        0......0   -12900.00
   gen_variables_obj                1        0......0   -43075.43
   bus_variables_obj                1        0......0       -0.00

Tried to set Option: bound_relax_factor. It is a valid option, but it is of type  Number, not of type Integer. Please check the documentation for options.

### bound_relax_factor (Real Number) ###
Category: NLP
Description: Factor for initial relaxation of the bounds.
0 <= (1e-08) <= +inf

******************************************************************************
This program contains Ipopt, a library for large-scale nonlinear optimization.
 Ipopt is released as open source code under the Eclipse Public License (EPL).
         For more information visit https://github.com/coin-or/Ipopt
******************************************************************************

