************************************************************
    IFOPT - Interface to Nonlinear Optimizers (v2.0)
                © Alexander W. Winkler
           https://github.com/ethz-adrl/ifopt
************************************************************
Legend:
c - number of variables, constraints or cost terms
i - indices of this set in overall problem
v - number of [violated variable- or constraint-bounds] or [cost term value]

                                   c             i             v 
variable-sets:
   load_variables                  40        0.....39           1
   switch_shunt_variables           6       40.....45           0
   line_variables                 162       46....207           0
   trans_variables                 60      208....267          10
   gen_variables                   27      268....294           1
   bus_variables                   75      295....369          15

constraint-sets:
   load_variables_constraint       48        0.....47           2
   line_variables_constraint       54       48....101           0
   trans_variables_constraint      28      102....129           0
   gen_variables_constraint        60      130....189           2
   bus_variables_constraint        90      190....279          15

cost-terms:
   load_variables_obj               1        0......0  2355555.00
   line_variables_obj               1        0......0     -800.00
   trans_variables_obj              1        0......0     -300.00
   gen_variables_obj                1        0......0   -22750.00
   bus_variables_obj                1        0......0       -0.00

Tried to set Option: bound_relax_factor. It is a valid option, but it is of type  Number, not of type Integer. Please check the documentation for options.

### bound_relax_factor (Real Number) ###
Category: NLP
Description: Factor for initial relaxation of the bounds.
0 <= (1e-08) <= +inf

******************************************************************************
This program contains Ipopt, a library for large-scale nonlinear optimization.
 Ipopt is released as open source code under the Eclipse Public License (EPL).
         For more information visit https://github.com/coin-or/Ipopt
******************************************************************************

Total number of variables............................:      359
                     variables with only lower bounds:        4
                variables with lower and upper bounds:      251
                     variables with only upper bounds:        0
Total number of equality constraints.................:       30
Total number of inequality constraints...............:      250
        inequality constraints with only lower bounds:      117
   inequality constraints with lower and upper bounds:       53
        inequality constraints with only upper bounds:       80


Number of Iterations....: 28

                                   (scaled)                 (unscaled)
Objective...............:  -2.8387990100981355e+07   -2.8576286503801559e+13
Dual infeasibility......:   3.8015114466237404e-12    3.8267267199887375e-06
Constraint violation....:   1.5399109543068334e-08    1.5399109543068334e-08
Complementarity.........:   1.8178528588333583e-11    1.8299106041318855e-05
Overall NLP error.......:   1.5399109543068334e-08    1.8299106041318855e-05


Number of objective function evaluations             = 29
Number of objective gradient evaluations             = 29
Number of equality constraint evaluations            = 29
Number of inequality constraint evaluations          = 29
Number of equality constraint Jacobian evaluations   = 29
Number of inequality constraint Jacobian evaluations = 29
Number of Lagrangian Hessian evaluations             = 0
Total CPU secs in IPOPT (w/o function evaluations)   =      0.937
Total CPU secs in NLP function evaluations           =      5.020

EXIT: Optimal Solution Found.
                     0.46                      0.46                      0.43                      0.43                      0.44                      0.46                      0.46                      0.15                      0.15                      0.15                      0.15                      0.15                      0.55                      0.46                      0.54                      0.46                     -0.00                     -0.00                     -0.00                     -0.00                     -0.00                      0.00                     -0.00                     -0.00                     -0.00                     -0.00                     -0.00                      0.00                      0.50                      0.50                      0.50                      0.50                      0.50                      0.50                      0.50                      1.02                      1.75                      0.50                      0.25                      1.01                      1.00                      1.00                      2.56                      1.00                      1.00                      2.56                      2.45                      2.45                      6.65                  13317.06                      2.40                      2.45                      6.65                  13193.05                      2.45                      2.51                      6.65                  13359.42                      2.45                      2.42                      6.88                  13288.23                      2.45                      2.45                      6.64                  13528.30                      2.45                      2.45                      6.65                  13303.43                      2.45                      2.45                      6.79                  13317.03                      2.47                      2.41                      6.70                  13423.98                      2.50                      2.45                      6.80                  13533.03                      2.40                      2.40                      6.47                  13402.82                      3.65                      3.65                      7.48                   6103.51                      2.70                      2.70                      9.32                   3633.88                      2.48                      2.48                      6.92                  13558.86                      2.53                      2.53                      6.91                  13480.75                      2.52                      2.48                      6.89                  13818.22                      2.43                      2.53                      6.87                  13923.51                      2.48                      2.48                      6.89                  13489.93                      2.53                      2.49                      6.95                  13708.77                      0.49                      0.49                      0.49                      0.51                      0.51                      0.49                      0.51                      0.51                      0.49                      0.51                      0.49                      0.49                      0.51                      0.51                      0.49                      0.51                      0.51                      0.49                   -244.24                   -367.89                   1101.49                   1281.29                   1151.29                   1299.73                   1098.36                   1269.76                  -1227.35                   1260.26                   1418.93                  -1321.83                   -515.99                   -601.89                   -507.33                  -2112.56                   -386.28                   -320.00                  -1697.59                  -1562.88                  -1459.64                  -1608.98                  -1834.03                  -1430.46                  -1438.46                  -1692.25                    370.33                  -1660.52                  -4043.63                    370.77                   2672.10                   2416.15                   2778.83                   2372.19                   2266.87                   2732.13                   1308.40                   1562.09                   1295.01                  -1050.69                  -2472.14                   1016.23                  -1965.03                   1285.09                    126.36                   1244.81                   1417.83                   1407.90                   -519.13                   -321.22                  -2627.75                  -2881.73                  -1180.46                   -540.01                  -1644.92                   -914.52                  -1673.58                   1307.46                    140.14                  -1408.84                     39.70                  -1699.40                    281.62                  -1628.43                  -4044.02                   -264.87                   2471.12                   2400.47                   2264.75                   2138.02                   2374.88                   2990.00                      2.74                      2.81                     10.76                  15094.40                      2.68                      2.74                     10.76                  15094.40                      2.71                      2.71                     10.76                  15094.40                      2.73                      2.73                     10.76                  15094.40                      0.51                      0.51                      0.51                      0.49                      0.00                      0.00                      0.00                      0.00                      0.93                      0.93                      1.10                      0.98                      0.09                      0.09                      0.01                      0.00                      0.00                      0.00                      0.00                      0.00 -100000000000000000000.00 -100000000000000000000.00 -100000000000000000000.00 -100000000000000000000.00                  16844.37                  16844.37                  16844.37                  16844.37                  -2637.51                  -2637.51                  -2637.51                  -2637.51                  -2637.51                  -2637.51                  -2637.51                  -2637.51                  -2637.51                  -2637.51                  -2637.52                  -2637.51                  -2637.51                  -2637.51                  -2637.52                  -2637.51                      1.35                      1.35                      1.35                      1.32                      0.10                      1.19                      0.51                      0.21                      0.90                      1.00                      1.00                      1.00                      0.96                      0.98                      0.81                      0.24                      0.24                      0.24                      0.23                      0.23                      0.15                      0.49                      0.49                      0.49                      0.49                      0.49                      0.36                  22783.67                  22783.67                  22783.67                  22783.67                  22783.67                  22783.67                  22783.67                  22783.67                  22783.67                  22783.67                  22783.67                  22783.67                  22783.67                  22783.67                  22783.67                  22162.64                  22162.64                  22162.64                  22162.64                  22162.64                  22162.64                  22162.64                  22162.64                  22162.64                  22162.64                  22162.64                  22162.64                  22162.64                  22162.64                  22162.64                  22183.76                  22183.76                  22183.76                  22183.76                  22183.76                  22183.76                  22183.76                  22183.76                  21740.28                  22183.76                  22183.76                  22183.76                  22183.76                  22183.76                  22024.75                  22864.29                  22864.29                  22864.29                  22864.29                  22864.29                  22864.29                  22864.29                  22864.29                  22420.61                  22864.29                  22864.29                  22864.29                  22864.29                  22864.29                  22705.26                      1.00                      1.00                      1.00                      1.00                      1.00                      1.00                      1.00                      1.00                      1.00                      1.00                      1.00                      1.00                      1.00                      1.00                      1.00

************************************************************
    IFOPT - Interface to Nonlinear Optimizers (v2.0)
                © Alexander W. Winkler
           https://github.com/ethz-adrl/ifopt
************************************************************
Legend:
c - number of variables, constraints or cost terms
i - indices of this set in overall problem
v - number of [violated variable- or constraint-bounds] or [cost term value]

                                   c             i             v 
variable-sets:
   load_variables                  40        0.....39           1
   switch_shunt_variables           6       40.....45           0
   line_variables                 162       46....207           0
   trans_variables                 60      208....267          10
   gen_variables                   27      268....294           1
   bus_variables                   75      295....369          15

constraint-sets:
   load_variables_constraint       48        0.....47           2
   line_variables_constraint       54       48....101           0
   trans_variables_constraint      28      102....129           0
   gen_variables_constraint        60      130....189           2
   bus_variables_constraint        90      190....279          15

cost-terms:
   load_variables_obj               1        0......0  2355555.00
   line_variables_obj               1        0......0     -800.00
   trans_variables_obj              1        0......0     -300.00
   gen_variables_obj                1        0......0   -22750.00
   bus_variables_obj                1        0......0       -0.00

Tried to set Option: bound_relax_factor. It is a valid option, but it is of type  Number, not of type Integer. Please check the documentation for options.

### bound_relax_factor (Real Number) ###
Category: NLP
Description: Factor for initial relaxation of the bounds.
0 <= (1e-08) <= +inf

******************************************************************************
This program contains Ipopt, a library for large-scale nonlinear optimization.
 Ipopt is released as open source code under the Eclipse Public License (EPL).
         For more information visit https://github.com/coin-or/Ipopt
******************************************************************************

Total number of variables............................:      359
                     variables with only lower bounds:        4
                variables with lower and upper bounds:      251
                     variables with only upper bounds:        0
Total number of equality constraints.................:       30
Total number of inequality constraints...............:      250
        inequality constraints with only lower bounds:      112
   inequality constraints with lower and upper bounds:       58
        inequality constraints with only upper bounds:       80


Number of Iterations....: 19

                                   (scaled)                 (unscaled)
Objective...............:  -1.1171749749483951e+05   -1.1245851518702287e+11
Dual infeasibility......:   7.8486381433823341e-11    7.9006978462418628e-05
Constraint violation....:   7.4211914224964204e-08    7.4211914224964204e-08
Complementarity.........:   1.1258637333791512e-11    1.1333315424881057e-05
Overall NLP error.......:   7.4211914224964204e-08    7.9006978462418628e-05


Number of objective function evaluations             = 23
Number of objective gradient evaluations             = 20
Number of equality constraint evaluations            = 23
Number of inequality constraint evaluations          = 23
Number of equality constraint Jacobian evaluations   = 20
Number of inequality constraint Jacobian evaluations = 20
Number of Lagrangian Hessian evaluations             = 0
Total CPU secs in IPOPT (w/o function evaluations)   =      0.639
Total CPU secs in NLP function evaluations           =      3.499

EXIT: Optimal Solution Found.
                     0.47                      0.47                      0.44                      0.44                      0.44                      0.47                      0.47                      0.16                      0.16                      0.16                      0.16                      0.16                      0.55                      0.47                      0.55                      0.47                     -0.02                     -0.02                     -0.02                     -0.02                     -0.02                     -0.02                     -0.02                     -0.02                     -0.02                     -0.02                     -0.02                     -0.02                      0.50                      0.50                      0.50                      0.50                      0.50                      0.50                      0.50                      1.00                      1.76                      0.50                      0.25                      1.00                      1.00                      1.00                      2.40                      1.00                      1.00                      2.40                      2.35                      2.35                     10.99                     52.64                      2.31                      2.31                     10.76                     52.50                      2.31                      2.31                     10.76                     51.82                      2.31                      2.31                     10.76                     51.82                      2.31                      2.31                     10.76                     51.82                      2.31                      2.31                     10.76                     51.82                      2.31                      2.31                     10.76                     51.82                      2.31                      2.31                     10.76                     52.21                      2.31                      2.31                     10.76                     51.82                      2.31                      2.31                     10.71                     54.20                      2.31                      2.31                     10.76                     51.82                      2.31                      2.31                     10.76                     51.82                      2.31                      2.31                     10.76                     51.82                      2.31                      2.31                     10.76                     51.82                      2.31                      2.31                     10.76                     52.21                      2.31                      2.31                     10.76                     52.20                      2.30                      2.30                     10.71                     54.41                      2.31                      2.31                     10.76                     52.20                      0.50                      0.50                      0.50                      0.50                      0.50                      0.50                      0.50                      0.50                      0.50                      0.50                      0.50                      0.50                      0.50                      0.50                      0.50                      0.50                      0.50                      0.50                     -2.27                     -1.87                     -0.09                     -0.09                     -0.08                     -0.08                     -0.08                     -0.82                     -0.08                      3.78                     -0.09                     -0.09                     -0.09                     -0.08                     -0.82                     -0.77                      4.52                     -0.77                      0.31                     -0.44                     -0.14                     -0.13                     -0.14                     -0.14                     -0.14                     -0.62                     -0.14                      2.51                     -0.13                     -0.14                     -0.14                     -0.14                     -0.62                     -0.64                      1.73                     -0.64                     -2.27                     -1.87                     -0.09                     -0.09                     -0.09                     -0.09                     -0.09                     -0.82                     -0.07                      3.78                     -0.09                     -0.08                     -0.08                     -0.07                     -0.82                     -0.77                      4.52                     -0.77                      0.31                     -0.44                     -0.13                     -0.13                     -0.14                     -0.14                     -0.14                     -0.62                     -0.14                      2.51                     -0.14                     -0.14                     -0.14                     -0.14                     -0.62                     -0.64                      1.73                     -0.64                      2.72                      2.72                     11.59                     45.89                      2.72                      2.72                     11.59                     45.89                      2.72                      2.72                     11.59                     45.89                      2.72                      2.72                     11.59                     45.89                      0.50                      0.50                      0.50                      0.50                      1.52                      1.52                      1.52                      1.52                      0.93                      0.93                      1.10                      0.98                      0.09                      0.09                      0.01                      0.00                      1.91                      1.91                      1.91                      1.91 -100000000000000000000.00 -100000000000000000000.00 -100000000000000000000.00 -100000000000000000000.00                     27.38                     27.38                     27.38                     27.38                      3.03                      3.03                      3.03                      3.03                      3.03                      3.03                      3.03                      3.03                      3.03                      3.03                      3.03                      3.03                      3.03                      3.03                      3.03                      3.03                      1.16                      1.16                      1.17                      1.17                      0.10                      1.00                      0.45                      0.20                      0.69                      0.69                      0.70                      0.69                      0.70                      0.66                      0.69                      0.08                      0.08                      0.07                      0.08                      0.07                      0.10                      0.50                      0.50                      0.36                      0.36                      0.36                      0.36                     38.58                     38.58                     38.58                     38.58                     38.58                     38.58                     38.58                     38.58                     38.58                     38.58                     38.58                     38.58                     38.58                     38.58                     38.58                     37.78                     37.78                     37.78                     37.78                     37.78                     37.78                     37.78                     37.78                     37.78                     37.78                     37.78                     37.78                     37.78                     37.78                     37.78                     38.10                     38.10                     38.10                     38.10                     38.10                     38.10                     38.10                     38.10                     38.28                     38.10                     38.10                     38.10                     38.10                     38.10                     38.10                     38.26                     38.26                     38.26                     38.26                     38.26                     38.26                     38.26                     38.26                     38.25                     38.26                     38.26                     38.26                     38.26                     38.26                     38.26                      1.00                      1.00                      1.00                      1.00                      1.00                      1.00                      1.00                      1.00                      1.00                      1.00                      1.00                      1.00                      1.00                      1.00                      1.00

