************************************************************
    IFOPT - Interface to Nonlinear Optimizers (v2.0)
                © Alexander W. Winkler
           https://github.com/ethz-adrl/ifopt
************************************************************
Legend:
c - number of variables, constraints or cost terms
i - indices of this set in overall problem
v - number of [violated variable- or constraint-bounds] or [cost term value]

                                   c             i             v 
variable-sets:
   load_variables                  40        0.....39           1
   switch_shunt_variables           6       40.....45           0
   line_variables                 162       46....207           0
   trans_variables                 60      208....267          10
   gen_variables                   27      268....294           1
   bus_variables                   75      295....369          15

constraint-sets:
   load_variables_constraint       48        0.....47           2
   line_variables_constraint       54       48....101           0
   trans_variables_constraint      28      102....129           0
   gen_variables_constraint        60      130....189           2
   bus_variables_constraint        90      190....279          15

cost-terms:
   load_variables_obj               1        0......0  2355555.00
   line_variables_obj               1        0......0     -800.00
   trans_variables_obj              1        0......0     -300.00
   gen_variables_obj                1        0......0   -22750.00
   bus_variables_obj                1        0......0       -0.00

Tried to set Option: bound_relax_factor. It is a valid option, but it is of type  Number, not of type Integer. Please check the documentation for options.

### bound_relax_factor (Real Number) ###
Category: NLP
Description: Factor for initial relaxation of the bounds.
0 <= (1e-08) <= +inf

******************************************************************************
This program contains Ipopt, a library for large-scale nonlinear optimization.
 Ipopt is released as open source code under the Eclipse Public License (EPL).
         For more information visit https://github.com/coin-or/Ipopt
******************************************************************************

Total number of variables............................:      359
                     variables with only lower bounds:        4
                variables with lower and upper bounds:      251
                     variables with only upper bounds:        0
Total number of equality constraints.................:       30
Total number of inequality constraints...............:      250
        inequality constraints with only lower bounds:      112
   inequality constraints with lower and upper bounds:       58
        inequality constraints with only upper bounds:       80


Number of Iterations....: 27

                                   (scaled)                 (unscaled)
Objective...............:  -6.1677238459428459e+07   -6.2086341115040305e+13
Dual infeasibility......:   1.4748369806960688e-10    1.4846195153955466e-04
Constraint violation....:   7.0770056481705979e-12    7.0770056481705979e-12
Complementarity.........:   1.0000000470720725e-11    1.0066330073842997e-05
Overall NLP error.......:   1.4748369806960688e-10    1.4846195153955466e-04


Number of objective function evaluations             = 28
Number of objective gradient evaluations             = 28
Number of equality constraint evaluations            = 28
Number of inequality constraint evaluations          = 28
Number of equality constraint Jacobian evaluations   = 28
Number of inequality constraint Jacobian evaluations = 28
Number of Lagrangian Hessian evaluations             = 0
Total CPU secs in IPOPT (w/o function evaluations)   =      0.892
Total CPU secs in NLP function evaluations           =      4.871

EXIT: Optimal Solution Found.
                     0.49                      0.49                      0.45                      0.45                      0.46                      0.49                      0.49                      0.16                      0.16                      0.16                      0.16                      0.16                      0.57                      0.49                      0.56                      0.49                     -0.02                     -0.02                     -0.02                     -0.02                     -0.02                     -0.02                     -0.02                     -0.02                     -0.02                     -0.02                     -0.02                     -0.02                      0.50                      0.50                      0.50                      0.50                      0.50                      0.50                      0.50                      1.02                      1.76                      0.50                      0.25                      1.02                      1.00                      1.00                      2.49                      1.00                      1.00                      2.49                      2.45                      2.45                     10.66                  25586.64                      2.45                      2.45                     10.66                  25585.83                      2.45                      2.45                     10.66                  25585.72                      2.45                      2.45                     10.66                  25586.42                      2.45                      2.45                     10.66                  25586.08                      2.45                      2.45                     10.66                  25586.48                      2.45                      2.45                     10.66                  25586.37                      2.45                      2.45                     10.66                  25586.29                      2.45                      2.45                     10.81                  32224.86                      2.45                      2.45                     10.66                  25586.75                      2.45                      2.45                     10.66                  25585.33                      2.45                      2.45                     10.81                  32224.85                      2.52                      2.52                     11.18                  22269.02                      2.44                      2.44                     10.71                  44759.23                      2.45                      2.45                     10.66                  25585.53                      2.46                      2.46                     11.02                  58254.02                      2.44                      2.44                     10.71                  44759.23                      2.44                      2.44                     10.71                  44759.23                      0.49                      0.49                      0.49                      0.51                      0.49                      0.49                      0.51                      0.51                      0.49                      0.51                      0.49                      0.49                      0.51                      0.51                      0.49                      0.51                      0.51                      0.49                    429.35                    428.83                    427.71                    432.59                    428.19                    431.56                    431.69                    428.10                   1537.08                    431.22                    426.90                   1537.13                  10317.01                  -4345.58                    426.84                  -5130.80                  -4345.58                  -4345.56                   -602.61                   -602.26                   -601.51                   -604.86                   -601.83                   -604.14                   -604.23                   -601.77                    257.55                   -603.91                   -600.97                    257.50                  -7509.76                   -568.32                   -600.92                  15301.73                   -568.32                   -568.33                    429.24                    425.29                    425.83                    424.69                    427.34                    426.08                    425.31                    428.56                   1537.16                    427.93                    424.46                   1537.16                  10316.98                  -4345.57                    425.66                  -5130.82                  -4345.57                  -4345.57                   -602.54                   -599.89                   -600.25                   -599.48                   -601.25                   -600.42                   -599.91                   -602.07                    257.49                   -601.65                   -599.34                    257.48                  -7509.78                   -568.32                   -600.14                  15301.69                   -568.32                   -568.32                      2.45                      2.45                     10.50                   1430.45                      2.45                      2.45                     10.50                   1430.45                      2.45                      2.45                     10.50                   1430.45                      2.46                      2.46                     10.68                  55872.19                      0.51                      0.51                      0.51                      0.49                      0.00                      0.00                      0.00                      0.00                      0.93                      0.93                      1.10                      0.98                      0.09                      0.09                      0.01                      0.00                      0.00                      0.00                      0.00                      0.00 -100000000000000000000.00 -100000000000000000000.00 -100000000000000000000.00 -100000000000000000000.00                  21613.41                  21613.41                  21613.41                  21613.41                   -403.18                   -403.18                   -403.18                   1041.65                    501.50                    501.50                    501.50                   1041.65                   -403.18                   -403.18                   -403.18                   1041.65                    501.50                    501.50                    501.50                   1041.65                      1.12                      1.12                      1.12                      1.11                      0.10                      1.00                      0.47                      0.21                      0.67                      0.82                      0.82                      0.82                      0.81                      0.80                      0.72                      0.16                      0.16                      0.16                      0.15                      0.15                      0.13                      0.36                      0.36                      0.36                      0.36                      0.36                      0.37                  29413.46                  29413.46                  29413.46                  29413.46                  29413.46                  29413.46                  29413.46                  29413.46                  29413.46                  29413.46                  29413.46                  29413.46                  29413.46                  29413.46                  29413.46                  29273.56                  29273.56                  29273.56                  29273.56                  29273.56                  29273.56                  29273.56                  29273.56                  29273.56                  29273.56                  29273.56                  29273.56                  29273.56                  29273.56                  29273.56                  29374.45                  29374.45                  29374.45                  29374.45                  29374.45                  29374.45                  29374.45                  29374.45                  29581.59                  29374.45                  29374.45                  29374.45                  29374.45                  29374.45                  29373.09                  29342.27                  29342.27                  29342.27                  29342.27                  29342.27                  29342.27                  29342.27                  29342.27                  29549.22                  29342.27                  29342.27                  29342.27                  29342.27                  29342.27                  29340.90                      1.00                      1.00                      1.00                      1.00                      1.00                      1.00                      1.00                      1.00                      1.00                      1.00                      1.00                      1.00                      1.00                      1.00                      1.00

