The system is: Linux - 3.10.0-1160.25.1.el7.x86_64 - x86_64
Compiling the C compiler identification source file "CMakeCCompilerId.c" succeeded.
Compiler: /opt/aci/intel/compilers_and_libraries_2020.2.254/linux/bin/intel64/icc 
Build flags: 
Id flags:  

The output was:
0


Compilation of the C compiler identification source "CMakeCCompilerId.c" produced "a.out"

The C compiler identification is Intel, found in "/gpfs/group/vvs3/default/Weinan/C2_cpp/CMakeFiles/3.19.6/CompilerIdC/a.out"

Compiling the CXX compiler identification source file "CMakeCXXCompilerId.cpp" succeeded.
Compiler: /opt/aci/intel/compilers_and_libraries_2020.2.254/linux/bin/intel64/icpc 
Build flags: 
Id flags:  

The output was:
0


Compilation of the CXX compiler identification source "CMakeCXXCompilerId.cpp" produced "a.out"

The CXX compiler identification is Intel, found in "/gpfs/group/vvs3/default/Weinan/C2_cpp/CMakeFiles/3.19.6/CompilerIdCXX/a.out"

Detecting C compiler ABI info compiled with the following output:
Change Dir: /gpfs/group/vvs3/default/Weinan/C2_cpp/CMakeFiles/CMakeTmp

Run Build Command(s):/usr/bin/gmake cmTC_8f9ea/fast && /usr/bin/gmake  -f CMakeFiles/cmTC_8f9ea.dir/build.make CMakeFiles/cmTC_8f9ea.dir/build
gmake[1]: Entering directory `/gpfs/group/vvs3/default/Weinan/C2_cpp/CMakeFiles/CMakeTmp'
Building C object CMakeFiles/cmTC_8f9ea.dir/CMakeCCompilerABI.c.o
/opt/aci/intel/compilers_and_libraries_2020.2.254/linux/bin/intel64/icc   -v -o CMakeFiles/cmTC_8f9ea.dir/CMakeCCompilerABI.c.o -c /gpfs/group/RISE/sw7/cmake-3.19-intel-19.1.2/cmake-3.19.6/Modules/CMakeCCompilerABI.c
icc version 19.1.2.254 (gcc version 4.8.5 compatibility)
/opt/global/RedHat-7/20210114qa/intel/compilers_and_libraries_2020.2.254/linux/bin/intel64/mcpcom    --target_efi2 --lang=c -_g -mP3OPT_inline_alloca -D__ICC=1910 -D__INTEL_COMPILER=1910 -D__INTEL_COMPILER_UPDATE=2 -D__PTRDIFF_TYPE__=long "-D__SIZE_TYPE__=unsigned long" -D__WCHAR_TYPE__=int "-D__WINT_TYPE__=unsigned int" "-D__INTMAX_TYPE__=long int" "-D__UINTMAX_TYPE__=long unsigned int" -D__LONG_MAX__=9223372036854775807L -D__QMSPP_ -D__OPTIMIZE__ -D__NO_MATH_INLINES -D__NO_STRING_INLINES -D__GNUC_GNU_INLINE__ -D__GNUC__=4 -D__GNUC_MINOR__=8 -D__GNUC_PATCHLEVEL__=5 -D__LP64__ -D_LP64 -D__GXX_ABI_VERSION=1002 "-D__USER_LABEL_PREFIX__= " -D__REGISTER_PREFIX__= -D__INTEL_RTTI__ -D__unix__ -D__unix -D__linux__ -D__linux -D__gnu_linux__ -B -Dunix -Dlinux "-_Asystem(unix)" -D__ELF__ -D__x86_64 -D__x86_64__ -D__amd64 -D__amd64__ "-_Acpu(x86_64)" "-_Amachine(x86_64)" -D__INTEL_COMPILER_BUILD_DATE=20200623 -D__INTEL_OFFLOAD -D__MMX__ -D__SSE__ -D__SSE_MATH__ -D__SSE2__ -D__SSE2_MATH__ -D__pentium4 -D__pentium4__ -D__tune_pentium4__ -_k -_8 -_l --has_new_stdarg_support -_a -_b --gnu_version=40805 -_W5 --openmp_simd --multibyte_chars -mGLOB_diag_suppress_sys --system_preinclude /usr/include/stdc-predef.h -I/opt/aci/intel/compilers_and_libraries_2020.2.254/linux/pstl/include -I/opt/aci/intel/compilers_and_libraries_2020.2.254/linux/ipp/include -I/opt/aci/intel/compilers_and_libraries_2020.2.254/linux/mkl/include -I/opt/aci/intel/compilers_and_libraries_2020.2.254/linux/pstl/include -I/opt/aci/intel/compilers_and_libraries_2020.2.254/linux/pstl/stdlib -I/opt/aci/intel/compilers_and_libraries_2020.2.254/linux/tbb/include -I/opt/aci/intel/compilers_and_libraries_2020.2.254/linux/daal/include --array_section --simd --simd_func --offload_mode=1 --offload_target_names=mic,MIC --offload_unique_string=icc2082280268nrIMfL -mGLOB_em64t=TRUE -mP1OPT_version=19.1-intel64 -mGLOB_diag_file=CMakeFiles/cmTC_8f9ea.dir/CMakeCCompilerABI.c.diag -mGLOB_long_size_64 -mGLOB_routine_pointer_size_64 -mP1OPT_print_version=FALSE -mCG_use_gas_got_workaround=F -mP2OPT_align_option_used=TRUE -mGLOB_gcc_version=485 "-mGLOB_options_string=-v -o CMakeFiles/cmTC_8f9ea.dir/CMakeCCompilerABI.c.o -c" -mGLOB_cxx_limited_range=FALSE -mCG_extend_parms=FALSE -mGLOB_compiler_bin_directory=/opt/global/RedHat-7/20210114qa/intel/compilers_and_libraries_2020.2.254/linux/bin/intel64 -mGLOB_as_output_backup_file_name=/tmp/icctmWawyas_.s -mIPOPT_activate -mIPOPT_lite -mGLOB_uarch_tuning=0x0 -mGLOB_product_id_code=0x22006d93 -mCG_bnl_movbe=T -mP3OPT_use_mspp_call_convention -mP2OPT_subs_out_of_bound=FALSE -mP2OPT_disam_type_based_disam=2 -mP2OPT_disam_assume_ansi_c -mP2OPT_checked_disam_ansi_alias=TRUE -mGLOB_ansi_alias -mPGOPTI_value_profile_use=T -mP2OPT_il0_array_sections=TRUE -mGLOB_offload_mode=1 -mP2OPT_offload_unique_var_string=icc2082280268nrIMfL -mP2OPT_hlo_level=2 -mP2OPT_hlo -mP2OPT_hpo_rtt_control=0 -mIPOPT_args_in_regs=0 -mP2OPT_disam_assume_nonstd_intent_in=FALSE -mGLOB_imf_mapping_library=/opt/global/RedHat-7/20210114qa/intel/compilers_and_libraries_2020.2.254/linux/bin/intel64/libiml_attr.so -mPGOPTI_gen_threadsafe_level=0 -mIPOPT_lto_object_enabled -mIPOPT_lto_object_value=1 -mIPOPT_obj_output_file_name=CMakeFiles/cmTC_8f9ea.dir/CMakeCCompilerABI.c.o -mIPOPT_whole_archive_fixup_file_name=/tmp/iccwarch9RHjIK -mGLOB_linker_version=2.27 -mGLOB_linker=ld -mGLOB_driver_tempfile_name=/tmp/icctempfilePTbzOl -mP3OPT_asm_target=P3OPT_ASM_TARGET_GAS -mGLOB_async_unwind_tables=TRUE -mGLOB_obj_output_file=CMakeFiles/cmTC_8f9ea.dir/CMakeCCompilerABI.c.o -mGLOB_source_dialect=GLOB_SOURCE_DIALECT_C -mP1OPT_source_file_name=/gpfs/group/RISE/sw7/cmake-3.19-intel-19.1.2/cmake-3.19.6/Modules/CMakeCCompilerABI.c -mP1OPT_full_source_file_name=/gpfs/group/RISE/sw7/cmake-3.19-intel-19.1.2/cmake-3.19.6/Modules/CMakeCCompilerABI.c /gpfs/group/RISE/sw7/cmake-3.19-intel-19.1.2/cmake-3.19.6/Modules/CMakeCCompilerABI.c
#include "..." search starts here:
#include <...> search starts here:
 /opt/aci/intel/compilers_and_libraries_2020.2.254/linux/pstl/include
 /opt/aci/intel/compilers_and_libraries_2020.2.254/linux/ipp/include
 /opt/aci/intel/compilers_and_libraries_2020.2.254/linux/mkl/include
 /opt/aci/intel/compilers_and_libraries_2020.2.254/linux/pstl/include
 /opt/aci/intel/compilers_and_libraries_2020.2.254/linux/pstl/stdlib
 /opt/aci/intel/compilers_and_libraries_2020.2.254/linux/tbb/include
 /opt/aci/intel/compilers_and_libraries_2020.2.254/linux/daal/include
 /opt/global/RedHat-7/20210114qa/intel/compilers_and_libraries_2020.2.254/linux/compiler/include/intel64
 /opt/global/RedHat-7/20210114qa/intel/compilers_and_libraries_2020.2.254/linux/compiler/include/icc
 /opt/global/RedHat-7/20210114qa/intel/compilers_and_libraries_2020.2.254/linux/compiler/include
 /usr/local/include
 /usr/lib/gcc/x86_64-redhat-linux/4.8.5/include
 /usr/include/
 /usr/include
End of search list.
Linking C executable cmTC_8f9ea
/gpfs/group/RISE/sw7/cmake-3.19-intel-19.1.2/cmake-3.19.6/bin/cmake -E cmake_link_script CMakeFiles/cmTC_8f9ea.dir/link.txt --verbose=1
/opt/aci/intel/compilers_and_libraries_2020.2.254/linux/bin/intel64/icc  -v CMakeFiles/cmTC_8f9ea.dir/CMakeCCompilerABI.c.o -o cmTC_8f9ea 
icc version 19.1.2.254 (gcc version 4.8.5 compatibility)
/opt/global/RedHat-7/20210114qa/intel/compilers_and_libraries_2020.2.254/linux/bin/intel64/mcpcom    -mGLOB_em64t=TRUE -mP1OPT_version=19.1-intel64 -mGLOB_diag_file=CMakeFiles/cmTC_8f9ea.dir/CMakeCCompilerABI.c.diag -mGLOB_long_size_64 -mGLOB_routine_pointer_size_64 -mP1OPT_print_version=FALSE -mCG_use_gas_got_workaround=F -mP2OPT_align_option_used=TRUE -mGLOB_gcc_version=485 "-mGLOB_options_string=-v -o cmTC_8f9ea" -mGLOB_cxx_limited_range=FALSE -mCG_extend_parms=FALSE -mGLOB_compiler_bin_directory=/opt/global/RedHat-7/20210114qa/intel/compilers_and_libraries_2020.2.254/linux/bin/intel64 -mGLOB_as_output_backup_file_name=/tmp/iccjqrVp8as_.s -mGLOB_dashboard_use_source_name -mIPOPT_activate -mGLOB_product_id_code=0x22006d93 -mP3OPT_use_mspp_call_convention -mP2OPT_subs_out_of_bound=FALSE -mP2OPT_disam_type_based_disam=2 -mP2OPT_disam_assume_ansi_c -mP2OPT_checked_disam_ansi_alias=TRUE -mGLOB_ansi_alias -mPGOPTI_value_profile_use=T -mGLOB_opt_report_use_source_name -mP2OPT_il0_array_sections=TRUE -mGLOB_offload_mode=1 -mP2OPT_offload_unique_var_string=icc1409698553RwpYvT -mP2OPT_hlo -mP2OPT_hpo_rtt_control=0 -mIPOPT_args_in_regs=0 -mP2OPT_disam_assume_nonstd_intent_in=FALSE -mGLOB_imf_mapping_library=/opt/global/RedHat-7/20210114qa/intel/compilers_and_libraries_2020.2.254/linux/bin/intel64/libiml_attr.so -mPGOPTI_gen_threadsafe_level=0 -mIPOPT_link -mIPOPT_ipo_activate -mIPOPT_mo_activate -mIPOPT_source_files_list=/tmp/iccslisnsbcIV -mIPOPT_mo_global_data -mIPOPT_link_script_file=/tmp/iccscriptTTC33w "-mIPOPT_cmdline_link="/usr/lib/gcc/x86_64-redhat-linux/4.8.5/../../../../lib64/crt1.o" "/usr/lib/gcc/x86_64-redhat-linux/4.8.5/../../../../lib64/crti.o" "/usr/lib/gcc/x86_64-redhat-linux/4.8.5/crtbegin.o" "--eh-frame-hdr" "--build-id" "-dynamic-linker" "/lib64/ld-linux-x86-64.so.2" "-m" "elf_x86_64" "-o" "cmTC_8f9ea" "-L/opt/global/RedHat-7/20210108/intel/compilers_and_libraries_2020.2.254/linux/mpi/intel64/libfabric/lib" "-L/opt/aci/intel/compilers_and_libraries_2020.2.254/linux/ipp/lib/intel64" "-L/opt/aci/intel/compilers_and_libraries_2020.2.254/linux/compiler/lib/intel64_lin" "-L/opt/aci/intel/compilers_and_libraries_2020.2.254/linux/mkl/lib/intel64_lin" "-L/opt/aci/intel/compilers_and_libraries_2020.2.254/linux/tbb/lib/intel64/gcc4.8" "-L/opt/aci/intel/compilers_and_libraries_2020.2.254/linux/daal/lib/intel64_lin" "-L/opt/aci/intel/compilers_and_libraries_2020.2.254/linux/daal/../tbb/lib/intel64_lin/gcc4.4" "-L/opt/aci/intel/compilers_and_libraries_2020.2.254/linux/daal/../tbb/lib/intel64_lin/gcc4.8" "-L/opt/aci/intel/compilers_and_libraries_2020.2.254/linux/lib" "-L/opt/global/RedHat-7/20210114qa/intel/compilers_and_libraries_2020.2.254/linux/compiler/lib/intel64_lin" "-L/usr/lib/gcc/x86_64-redhat-linux/4.8.5/" "-L/usr/lib/gcc/x86_64-redhat-linux/4.8.5/../../../../lib64" "-L/usr/lib/gcc/x86_64-redhat-linux/4.8.5/../../../../lib64/" "-L/lib/../lib64" "-L/lib/../lib64/" "-L/usr/lib/../lib64" "-L/usr/lib/../lib64/" "-L/opt/global/RedHat-7/20210108/intel/compilers_and_libraries_2020.2.254/linux/mpi/intel64/libfabric/lib/" "-L/opt/aci/intel/compilers_and_libraries_2020.2.254/linux/ipp/lib/intel64/" "-L/opt/aci/intel/compilers_and_libraries_2020.2.254/linux/compiler/lib/intel64_lin/" "-L/opt/aci/intel/compilers_and_libraries_2020.2.254/linux/mkl/lib/intel64_lin/" "-L/opt/aci/intel/compilers_and_libraries_2020.2.254/linux/tbb/lib/intel64/gcc4.8/" "-L/opt/aci/intel/compilers_and_libraries_2020.2.254/linux/daal/lib/intel64_lin/" "-L/opt/aci/intel/compilers_and_libraries_2020.2.254/linux/daal/../tbb/lib/intel64_lin/gcc4.8/" "-L/opt/aci/intel/compilers_and_libraries_2020.2.254/linux/lib/" "-L/usr/lib/gcc/x86_64-redhat-linux/4.8.5/../../../" "-L/lib64" "-L/lib/" "-L/usr/lib64" "-L/usr/lib" "CMakeFiles/cmTC_8f9ea.dir/CMakeCCompilerABI.c.o" "-Bdynamic" "-Bstatic" "-limf" "-lsvml" "-lirng" "-Bdynamic" "-lm" "-Bstatic" "-lipgo" "-ldecimal" "--as-needed" "-Bdynamic" "-lcilkrts" "-lstdc++" "--no-as-needed" "-lgcc" "-lgcc_s" "-Bstatic" "-lirc" "-lsvml" "-Bdynamic" "-lc" "-lgcc" "-lgcc_s" "-Bstatic" "-lirc_s" "-Bdynamic" "-ldl" "-lc" "/usr/lib/gcc/x86_64-redhat-linux/4.8.5/crtend.o" "/usr/lib/gcc/x86_64-redhat-linux/4.8.5/../../../../lib64/crtn.o"" -mIPOPT_il_in_obj -mIPOPT_ipo_activate_warn=FALSE -mIPOPT_obj_output_file_name=/tmp/ipo_iccjaM7Aj.o -mIPOPT_whole_archive_fixup_file_name=/tmp/iccwarchxaLk8k -mGLOB_linker_version=2.27 -mGLOB_linker=ld -mGLOB_driver_tempfile_name=/tmp/icctempfileCcYRuW -mP3OPT_asm_target=P3OPT_ASM_TARGET_GAS -mGLOB_async_unwind_tables=TRUE -mGLOB_obj_output_file=/tmp/ipo_iccjaM7Aj.o -mGLOB_source_dialect=GLOB_SOURCE_DIALECT_NONE -mP1OPT_source_file_name=ipo_out.c CMakeFiles/cmTC_8f9ea.dir/CMakeCCompilerABI.c.o -mIPOPT_object_files=T -mIPOPT_assembly_files=/tmp/iccalisu8hNiw -mIPOPT_generated_tempfiles=/tmp/iccelisEBxDE7 -mIPOPT_embedded_object_base_name=/tmp/icceobjNn6t0I -mIPOPT_cmdline_link_new_name=/tmp/icclliso5Wkmk
ld    /usr/lib/gcc/x86_64-redhat-linux/4.8.5/../../../../lib64/crt1.o /usr/lib/gcc/x86_64-redhat-linux/4.8.5/../../../../lib64/crti.o /usr/lib/gcc/x86_64-redhat-linux/4.8.5/crtbegin.o --eh-frame-hdr --build-id -dynamic-linker /lib64/ld-linux-x86-64.so.2 -m elf_x86_64 -o cmTC_8f9ea -L/opt/global/RedHat-7/20210108/intel/compilers_and_libraries_2020.2.254/linux/mpi/intel64/libfabric/lib -L/opt/aci/intel/compilers_and_libraries_2020.2.254/linux/ipp/lib/intel64 -L/opt/aci/intel/compilers_and_libraries_2020.2.254/linux/compiler/lib/intel64_lin -L/opt/aci/intel/compilers_and_libraries_2020.2.254/linux/mkl/lib/intel64_lin -L/opt/aci/intel/compilers_and_libraries_2020.2.254/linux/tbb/lib/intel64/gcc4.8 -L/opt/aci/intel/compilers_and_libraries_2020.2.254/linux/daal/lib/intel64_lin -L/opt/aci/intel/compilers_and_libraries_2020.2.254/linux/daal/../tbb/lib/intel64_lin/gcc4.4 -L/opt/aci/intel/compilers_and_libraries_2020.2.254/linux/daal/../tbb/lib/intel64_lin/gcc4.8 -L/opt/aci/intel/compilers_and_libraries_2020.2.254/linux/lib -L/opt/global/RedHat-7/20210114qa/intel/compilers_and_libraries_2020.2.254/linux/compiler/lib/intel64_lin -L/usr/lib/gcc/x86_64-redhat-linux/4.8.5/ -L/usr/lib/gcc/x86_64-redhat-linux/4.8.5/../../../../lib64 -L/usr/lib/gcc/x86_64-redhat-linux/4.8.5/../../../../lib64/ -L/lib/../lib64 -L/lib/../lib64/ -L/usr/lib/../lib64 -L/usr/lib/../lib64/ -L/opt/global/RedHat-7/20210108/intel/compilers_and_libraries_2020.2.254/linux/mpi/intel64/libfabric/lib/ -L/opt/aci/intel/compilers_and_libraries_2020.2.254/linux/ipp/lib/intel64/ -L/opt/aci/intel/compilers_and_libraries_2020.2.254/linux/compiler/lib/intel64_lin/ -L/opt/aci/intel/compilers_and_libraries_2020.2.254/linux/mkl/lib/intel64_lin/ -L/opt/aci/intel/compilers_and_libraries_2020.2.254/linux/tbb/lib/intel64/gcc4.8/ -L/opt/aci/intel/compilers_and_libraries_2020.2.254/linux/daal/lib/intel64_lin/ -L/opt/aci/intel/compilers_and_libraries_2020.2.254/linux/daal/../tbb/lib/intel64_lin/gcc4.8/ -L/opt/aci/intel/compilers_and_libraries_2020.2.254/linux/lib/ -L/usr/lib/gcc/x86_64-redhat-linux/4.8.5/../../../ -L/lib64 -L/lib/ -L/usr/lib64 -L/usr/lib CMakeFiles/cmTC_8f9ea.dir/CMakeCCompilerABI.c.o -Bdynamic -Bstatic -limf -lsvml -lirng -Bdynamic -lm -Bstatic -lipgo -ldecimal --as-needed -Bdynamic -lcilkrts -lstdc++ --no-as-needed -lgcc -lgcc_s -Bstatic -lirc -lsvml -Bdynamic -lc -lgcc -lgcc_s -Bstatic -lirc_s -Bdynamic -ldl -lc /usr/lib/gcc/x86_64-redhat-linux/4.8.5/crtend.o /usr/lib/gcc/x86_64-redhat-linux/4.8.5/../../../../lib64/crtn.o
gmake[1]: Leaving directory `/gpfs/group/vvs3/default/Weinan/C2_cpp/CMakeFiles/CMakeTmp'



Parsed C implicit include dir info from above output: rv=done
  found start of include info
  found start of implicit include info
    add: [/opt/aci/intel/compilers_and_libraries_2020.2.254/linux/pstl/include]
    add: [/opt/aci/intel/compilers_and_libraries_2020.2.254/linux/ipp/include]
    add: [/opt/aci/intel/compilers_and_libraries_2020.2.254/linux/mkl/include]
    add: [/opt/aci/intel/compilers_and_libraries_2020.2.254/linux/pstl/include]
    add: [/opt/aci/intel/compilers_and_libraries_2020.2.254/linux/pstl/stdlib]
    add: [/opt/aci/intel/compilers_and_libraries_2020.2.254/linux/tbb/include]
    add: [/opt/aci/intel/compilers_and_libraries_2020.2.254/linux/daal/include]
    add: [/opt/global/RedHat-7/20210114qa/intel/compilers_and_libraries_2020.2.254/linux/compiler/include/intel64]
    add: [/opt/global/RedHat-7/20210114qa/intel/compilers_and_libraries_2020.2.254/linux/compiler/include/icc]
    add: [/opt/global/RedHat-7/20210114qa/intel/compilers_and_libraries_2020.2.254/linux/compiler/include]
    add: [/usr/local/include]
    add: [/usr/lib/gcc/x86_64-redhat-linux/4.8.5/include]
    add: [/usr/include/]
    add: [/usr/include]
  end of search list found
  collapse include dir [/opt/aci/intel/compilers_and_libraries_2020.2.254/linux/pstl/include] ==> [/opt/aci/intel/compilers_and_libraries_2020.2.254/linux/pstl/include]
  collapse include dir [/opt/aci/intel/compilers_and_libraries_2020.2.254/linux/ipp/include] ==> [/opt/aci/intel/compilers_and_libraries_2020.2.254/linux/ipp/include]
  collapse include dir [/opt/aci/intel/compilers_and_libraries_2020.2.254/linux/mkl/include] ==> [/opt/aci/intel/compilers_and_libraries_2020.2.254/linux/mkl/include]
  collapse include dir [/opt/aci/intel/compilers_and_libraries_2020.2.254/linux/pstl/include] ==> [/opt/aci/intel/compilers_and_libraries_2020.2.254/linux/pstl/include]
  collapse include dir [/opt/aci/intel/compilers_and_libraries_2020.2.254/linux/pstl/stdlib] ==> [/opt/aci/intel/compilers_and_libraries_2020.2.254/linux/pstl/stdlib]
  collapse include dir [/opt/aci/intel/compilers_and_libraries_2020.2.254/linux/tbb/include] ==> [/opt/aci/intel/compilers_and_libraries_2020.2.254/linux/tbb/include]
  collapse include dir [/opt/aci/intel/compilers_and_libraries_2020.2.254/linux/daal/include] ==> [/opt/aci/intel/compilers_and_libraries_2020.2.254/linux/daal/include]
  collapse include dir [/opt/global/RedHat-7/20210114qa/intel/compilers_and_libraries_2020.2.254/linux/compiler/include/intel64] ==> [/opt/global/RedHat-7/20210114qa/intel/compilers_and_libraries_2020.2.254/linux/compiler/include/intel64]
  collapse include dir [/opt/global/RedHat-7/20210114qa/intel/compilers_and_libraries_2020.2.254/linux/compiler/include/icc] ==> [/opt/global/RedHat-7/20210114qa/intel/compilers_and_libraries_2020.2.254/linux/compiler/include/icc]
  collapse include dir [/opt/global/RedHat-7/20210114qa/intel/compilers_and_libraries_2020.2.254/linux/compiler/include] ==> [/opt/global/RedHat-7/20210114qa/intel/compilers_and_libraries_2020.2.254/linux/compiler/include]
  collapse include dir [/usr/local/include] ==> [/usr/local/include]
  collapse include dir [/usr/lib/gcc/x86_64-redhat-linux/4.8.5/include] ==> [/usr/lib/gcc/x86_64-redhat-linux/4.8.5/include]
  collapse include dir [/usr/include/] ==> [/usr/include]
  collapse include dir [/usr/include] ==> [/usr/include]
  implicit include dirs: [/opt/aci/intel/compilers_and_libraries_2020.2.254/linux/pstl/include;/opt/aci/intel/compilers_and_libraries_2020.2.254/linux/ipp/include;/opt/aci/intel/compilers_and_libraries_2020.2.254/linux/mkl/include;/opt/aci/intel/compilers_and_libraries_2020.2.254/linux/pstl/stdlib;/opt/aci/intel/compilers_and_libraries_2020.2.254/linux/tbb/include;/opt/aci/intel/compilers_and_libraries_2020.2.254/linux/daal/include;/opt/global/RedHat-7/20210114qa/intel/compilers_and_libraries_2020.2.254/linux/compiler/include/intel64;/opt/global/RedHat-7/20210114qa/intel/compilers_and_libraries_2020.2.254/linux/compiler/include/icc;/opt/global/RedHat-7/20210114qa/intel/compilers_and_libraries_2020.2.254/linux/compiler/include;/usr/local/include;/usr/lib/gcc/x86_64-redhat-linux/4.8.5/include;/usr/include]


Parsed C implicit link information from above output:
  link line regex: [^( *|.*[/\])(ld|CMAKE_LINK_STARTFILE-NOTFOUND|([^/\]+-)?ld|collect2)[^/\]*( |$)]
  ignore line: [Change Dir: /gpfs/group/vvs3/default/Weinan/C2_cpp/CMakeFiles/CMakeTmp]
  ignore line: []
  ignore line: [Run Build Command(s):/usr/bin/gmake cmTC_8f9ea/fast && /usr/bin/gmake  -f CMakeFiles/cmTC_8f9ea.dir/build.make CMakeFiles/cmTC_8f9ea.dir/build]
  ignore line: [gmake[1]: Entering directory `/gpfs/group/vvs3/default/Weinan/C2_cpp/CMakeFiles/CMakeTmp']
  ignore line: [Building C object CMakeFiles/cmTC_8f9ea.dir/CMakeCCompilerABI.c.o]
  ignore line: [/opt/aci/intel/compilers_and_libraries_2020.2.254/linux/bin/intel64/icc   -v -o CMakeFiles/cmTC_8f9ea.dir/CMakeCCompilerABI.c.o -c /gpfs/group/RISE/sw7/cmake-3.19-intel-19.1.2/cmake-3.19.6/Modules/CMakeCCompilerABI.c]
  ignore line: [icc version 19.1.2.254 (gcc version 4.8.5 compatibility)]
  ignore line: [/opt/global/RedHat-7/20210114qa/intel/compilers_and_libraries_2020.2.254/linux/bin/intel64/mcpcom    --target_efi2 --lang=c -_g -mP3OPT_inline_alloca -D__ICC=1910 -D__INTEL_COMPILER=1910 -D__INTEL_COMPILER_UPDATE=2 -D__PTRDIFF_TYPE__=long "-D__SIZE_TYPE__=unsigned long" -D__WCHAR_TYPE__=int "-D__WINT_TYPE__=unsigned int" "-D__INTMAX_TYPE__=long int" "-D__UINTMAX_TYPE__=long unsigned int" -D__LONG_MAX__=9223372036854775807L -D__QMSPP_ -D__OPTIMIZE__ -D__NO_MATH_INLINES -D__NO_STRING_INLINES -D__GNUC_GNU_INLINE__ -D__GNUC__=4 -D__GNUC_MINOR__=8 -D__GNUC_PATCHLEVEL__=5 -D__LP64__ -D_LP64 -D__GXX_ABI_VERSION=1002 "-D__USER_LABEL_PREFIX__= " -D__REGISTER_PREFIX__= -D__INTEL_RTTI__ -D__unix__ -D__unix -D__linux__ -D__linux -D__gnu_linux__ -B -Dunix -Dlinux "-_Asystem(unix)" -D__ELF__ -D__x86_64 -D__x86_64__ -D__amd64 -D__amd64__ "-_Acpu(x86_64)" "-_Amachine(x86_64)" -D__INTEL_COMPILER_BUILD_DATE=20200623 -D__INTEL_OFFLOAD -D__MMX__ -D__SSE__ -D__SSE_MATH__ -D__SSE2__ -D__SSE2_MATH__ -D__pentium4 -D__pentium4__ -D__tune_pentium4__ -_k -_8 -_l --has_new_stdarg_support -_a -_b --gnu_version=40805 -_W5 --openmp_simd --multibyte_chars -mGLOB_diag_suppress_sys --system_preinclude /usr/include/stdc-predef.h -I/opt/aci/intel/compilers_and_libraries_2020.2.254/linux/pstl/include -I/opt/aci/intel/compilers_and_libraries_2020.2.254/linux/ipp/include -I/opt/aci/intel/compilers_and_libraries_2020.2.254/linux/mkl/include -I/opt/aci/intel/compilers_and_libraries_2020.2.254/linux/pstl/include -I/opt/aci/intel/compilers_and_libraries_2020.2.254/linux/pstl/stdlib -I/opt/aci/intel/compilers_and_libraries_2020.2.254/linux/tbb/include -I/opt/aci/intel/compilers_and_libraries_2020.2.254/linux/daal/include --array_section --simd --simd_func --offload_mode=1 --offload_target_names=mic MIC --offload_unique_string=icc2082280268nrIMfL -mGLOB_em64t=TRUE -mP1OPT_version=19.1-intel64 -mGLOB_diag_file=CMakeFiles/cmTC_8f9ea.dir/CMakeCCompilerABI.c.diag -mGLOB_long_size_64 -mGLOB_routine_pointer_size_64 -mP1OPT_print_version=FALSE -mCG_use_gas_got_workaround=F -mP2OPT_align_option_used=TRUE -mGLOB_gcc_version=485 "-mGLOB_options_string=-v -o CMakeFiles/cmTC_8f9ea.dir/CMakeCCompilerABI.c.o -c" -mGLOB_cxx_limited_range=FALSE -mCG_extend_parms=FALSE -mGLOB_compiler_bin_directory=/opt/global/RedHat-7/20210114qa/intel/compilers_and_libraries_2020.2.254/linux/bin/intel64 -mGLOB_as_output_backup_file_name=/tmp/icctmWawyas_.s -mIPOPT_activate -mIPOPT_lite -mGLOB_uarch_tuning=0x0 -mGLOB_product_id_code=0x22006d93 -mCG_bnl_movbe=T -mP3OPT_use_mspp_call_convention -mP2OPT_subs_out_of_bound=FALSE -mP2OPT_disam_type_based_disam=2 -mP2OPT_disam_assume_ansi_c -mP2OPT_checked_disam_ansi_alias=TRUE -mGLOB_ansi_alias -mPGOPTI_value_profile_use=T -mP2OPT_il0_array_sections=TRUE -mGLOB_offload_mode=1 -mP2OPT_offload_unique_var_string=icc2082280268nrIMfL -mP2OPT_hlo_level=2 -mP2OPT_hlo -mP2OPT_hpo_rtt_control=0 -mIPOPT_args_in_regs=0 -mP2OPT_disam_assume_nonstd_intent_in=FALSE -mGLOB_imf_mapping_library=/opt/global/RedHat-7/20210114qa/intel/compilers_and_libraries_2020.2.254/linux/bin/intel64/libiml_attr.so -mPGOPTI_gen_threadsafe_level=0 -mIPOPT_lto_object_enabled -mIPOPT_lto_object_value=1 -mIPOPT_obj_output_file_name=CMakeFiles/cmTC_8f9ea.dir/CMakeCCompilerABI.c.o -mIPOPT_whole_archive_fixup_file_name=/tmp/iccwarch9RHjIK -mGLOB_linker_version=2.27 -mGLOB_linker=ld -mGLOB_driver_tempfile_name=/tmp/icctempfilePTbzOl -mP3OPT_asm_target=P3OPT_ASM_TARGET_GAS -mGLOB_async_unwind_tables=TRUE -mGLOB_obj_output_file=CMakeFiles/cmTC_8f9ea.dir/CMakeCCompilerABI.c.o -mGLOB_source_dialect=GLOB_SOURCE_DIALECT_C -mP1OPT_source_file_name=/gpfs/group/RISE/sw7/cmake-3.19-intel-19.1.2/cmake-3.19.6/Modules/CMakeCCompilerABI.c -mP1OPT_full_source_file_name=/gpfs/group/RISE/sw7/cmake-3.19-intel-19.1.2/cmake-3.19.6/Modules/CMakeCCompilerABI.c /gpfs/group/RISE/sw7/cmake-3.19-intel-19.1.2/cmake-3.19.6/Modules/CMakeCCompilerABI.c]
  ignore line: [#include "..." search starts here:]
  ignore line: [#include <...> search starts here:]
  ignore line: [ /opt/aci/intel/compilers_and_libraries_2020.2.254/linux/pstl/include]
  ignore line: [ /opt/aci/intel/compilers_and_libraries_2020.2.254/linux/ipp/include]
  ignore line: [ /opt/aci/intel/compilers_and_libraries_2020.2.254/linux/mkl/include]
  ignore line: [ /opt/aci/intel/compilers_and_libraries_2020.2.254/linux/pstl/include]
  ignore line: [ /opt/aci/intel/compilers_and_libraries_2020.2.254/linux/pstl/stdlib]
  ignore line: [ /opt/aci/intel/compilers_and_libraries_2020.2.254/linux/tbb/include]
  ignore line: [ /opt/aci/intel/compilers_and_libraries_2020.2.254/linux/daal/include]
  ignore line: [ /opt/global/RedHat-7/20210114qa/intel/compilers_and_libraries_2020.2.254/linux/compiler/include/intel64]
  ignore line: [ /opt/global/RedHat-7/20210114qa/intel/compilers_and_libraries_2020.2.254/linux/compiler/include/icc]
  ignore line: [ /opt/global/RedHat-7/20210114qa/intel/compilers_and_libraries_2020.2.254/linux/compiler/include]
  ignore line: [ /usr/local/include]
  ignore line: [ /usr/lib/gcc/x86_64-redhat-linux/4.8.5/include]
  ignore line: [ /usr/include/]
  ignore line: [ /usr/include]
  ignore line: [End of search list.]
  ignore line: [Linking C executable cmTC_8f9ea]
  ignore line: [/gpfs/group/RISE/sw7/cmake-3.19-intel-19.1.2/cmake-3.19.6/bin/cmake -E cmake_link_script CMakeFiles/cmTC_8f9ea.dir/link.txt --verbose=1]
  ignore line: [/opt/aci/intel/compilers_and_libraries_2020.2.254/linux/bin/intel64/icc  -v CMakeFiles/cmTC_8f9ea.dir/CMakeCCompilerABI.c.o -o cmTC_8f9ea ]
  ignore line: [icc version 19.1.2.254 (gcc version 4.8.5 compatibility)]
  ignore line: [/opt/global/RedHat-7/20210114qa/intel/compilers_and_libraries_2020.2.254/linux/bin/intel64/mcpcom    -mGLOB_em64t=TRUE -mP1OPT_version=19.1-intel64 -mGLOB_diag_file=CMakeFiles/cmTC_8f9ea.dir/CMakeCCompilerABI.c.diag -mGLOB_long_size_64 -mGLOB_routine_pointer_size_64 -mP1OPT_print_version=FALSE -mCG_use_gas_got_workaround=F -mP2OPT_align_option_used=TRUE -mGLOB_gcc_version=485 "-mGLOB_options_string=-v -o cmTC_8f9ea" -mGLOB_cxx_limited_range=FALSE -mCG_extend_parms=FALSE -mGLOB_compiler_bin_directory=/opt/global/RedHat-7/20210114qa/intel/compilers_and_libraries_2020.2.254/linux/bin/intel64 -mGLOB_as_output_backup_file_name=/tmp/iccjqrVp8as_.s -mGLOB_dashboard_use_source_name -mIPOPT_activate -mGLOB_product_id_code=0x22006d93 -mP3OPT_use_mspp_call_convention -mP2OPT_subs_out_of_bound=FALSE -mP2OPT_disam_type_based_disam=2 -mP2OPT_disam_assume_ansi_c -mP2OPT_checked_disam_ansi_alias=TRUE -mGLOB_ansi_alias -mPGOPTI_value_profile_use=T -mGLOB_opt_report_use_source_name -mP2OPT_il0_array_sections=TRUE -mGLOB_offload_mode=1 -mP2OPT_offload_unique_var_string=icc1409698553RwpYvT -mP2OPT_hlo -mP2OPT_hpo_rtt_control=0 -mIPOPT_args_in_regs=0 -mP2OPT_disam_assume_nonstd_intent_in=FALSE -mGLOB_imf_mapping_library=/opt/global/RedHat-7/20210114qa/intel/compilers_and_libraries_2020.2.254/linux/bin/intel64/libiml_attr.so -mPGOPTI_gen_threadsafe_level=0 -mIPOPT_link -mIPOPT_ipo_activate -mIPOPT_mo_activate -mIPOPT_source_files_list=/tmp/iccslisnsbcIV -mIPOPT_mo_global_data -mIPOPT_link_script_file=/tmp/iccscriptTTC33w "-mIPOPT_cmdline_link="/usr/lib/gcc/x86_64-redhat-linux/4.8.5/../../../../lib64/crt1.o" "/usr/lib/gcc/x86_64-redhat-linux/4.8.5/../../../../lib64/crti.o" "/usr/lib/gcc/x86_64-redhat-linux/4.8.5/crtbegin.o" "--eh-frame-hdr" "--build-id" "-dynamic-linker" "/lib64/ld-linux-x86-64.so.2" "-m" "elf_x86_64" "-o" "cmTC_8f9ea" "-L/opt/global/RedHat-7/20210108/intel/compilers_and_libraries_2020.2.254/linux/mpi/intel64/libfabric/lib" "-L/opt/aci/intel/compilers_and_libraries_2020.2.254/linux/ipp/lib/intel64" "-L/opt/aci/intel/compilers_and_libraries_2020.2.254/linux/compiler/lib/intel64_lin" "-L/opt/aci/intel/compilers_and_libraries_2020.2.254/linux/mkl/lib/intel64_lin" "-L/opt/aci/intel/compilers_and_libraries_2020.2.254/linux/tbb/lib/intel64/gcc4.8" "-L/opt/aci/intel/compilers_and_libraries_2020.2.254/linux/daal/lib/intel64_lin" "-L/opt/aci/intel/compilers_and_libraries_2020.2.254/linux/daal/../tbb/lib/intel64_lin/gcc4.4" "-L/opt/aci/intel/compilers_and_libraries_2020.2.254/linux/daal/../tbb/lib/intel64_lin/gcc4.8" "-L/opt/aci/intel/compilers_and_libraries_2020.2.254/linux/lib" "-L/opt/global/RedHat-7/20210114qa/intel/compilers_and_libraries_2020.2.254/linux/compiler/lib/intel64_lin" "-L/usr/lib/gcc/x86_64-redhat-linux/4.8.5/" "-L/usr/lib/gcc/x86_64-redhat-linux/4.8.5/../../../../lib64" "-L/usr/lib/gcc/x86_64-redhat-linux/4.8.5/../../../../lib64/" "-L/lib/../lib64" "-L/lib/../lib64/" "-L/usr/lib/../lib64" "-L/usr/lib/../lib64/" "-L/opt/global/RedHat-7/20210108/intel/compilers_and_libraries_2020.2.254/linux/mpi/intel64/libfabric/lib/" "-L/opt/aci/intel/compilers_and_libraries_2020.2.254/linux/ipp/lib/intel64/" "-L/opt/aci/intel/compilers_and_libraries_2020.2.254/linux/compiler/lib/intel64_lin/" "-L/opt/aci/intel/compilers_and_libraries_2020.2.254/linux/mkl/lib/intel64_lin/" "-L/opt/aci/intel/compilers_and_libraries_2020.2.254/linux/tbb/lib/intel64/gcc4.8/" "-L/opt/aci/intel/compilers_and_libraries_2020.2.254/linux/daal/lib/intel64_lin/" "-L/opt/aci/intel/compilers_and_libraries_2020.2.254/linux/daal/../tbb/lib/intel64_lin/gcc4.8/" "-L/opt/aci/intel/compilers_and_libraries_2020.2.254/linux/lib/" "-L/usr/lib/gcc/x86_64-redhat-linux/4.8.5/../../../" "-L/lib64" "-L/lib/" "-L/usr/lib64" "-L/usr/lib" "CMakeFiles/cmTC_8f9ea.dir/CMakeCCompilerABI.c.o" "-Bdynamic" "-Bstatic" "-limf" "-lsvml" "-lirng" "-Bdynamic" "-lm" "-Bstatic" "-lipgo" "-ldecimal" "--as-needed" "-Bdynamic" "-lcilkrts" "-lstdc++" "--no-as-needed" "-lgcc" "-lgcc_s" "-Bstatic" "-lirc" "-lsvml" "-Bdynamic" "-lc" "-lgcc" "-lgcc_s" "-Bstatic" "-lirc_s" "-Bdynamic" "-ldl" "-lc" "/usr/lib/gcc/x86_64-redhat-linux/4.8.5/crtend.o" "/usr/lib/gcc/x86_64-redhat-linux/4.8.5/../../../../lib64/crtn.o"" -mIPOPT_il_in_obj -mIPOPT_ipo_activate_warn=FALSE -mIPOPT_obj_output_file_name=/tmp/ipo_iccjaM7Aj.o -mIPOPT_whole_archive_fixup_file_name=/tmp/iccwarchxaLk8k -mGLOB_linker_version=2.27 -mGLOB_linker=ld -mGLOB_driver_tempfile_name=/tmp/icctempfileCcYRuW -mP3OPT_asm_target=P3OPT_ASM_TARGET_GAS -mGLOB_async_unwind_tables=TRUE -mGLOB_obj_output_file=/tmp/ipo_iccjaM7Aj.o -mGLOB_source_dialect=GLOB_SOURCE_DIALECT_NONE -mP1OPT_source_file_name=ipo_out.c CMakeFiles/cmTC_8f9ea.dir/CMakeCCompilerABI.c.o -mIPOPT_object_files=T -mIPOPT_assembly_files=/tmp/iccalisu8hNiw -mIPOPT_generated_tempfiles=/tmp/iccelisEBxDE7 -mIPOPT_embedded_object_base_name=/tmp/icceobjNn6t0I -mIPOPT_cmdline_link_new_name=/tmp/icclliso5Wkmk]
  link line: [ld    /usr/lib/gcc/x86_64-redhat-linux/4.8.5/../../../../lib64/crt1.o /usr/lib/gcc/x86_64-redhat-linux/4.8.5/../../../../lib64/crti.o /usr/lib/gcc/x86_64-redhat-linux/4.8.5/crtbegin.o --eh-frame-hdr --build-id -dynamic-linker /lib64/ld-linux-x86-64.so.2 -m elf_x86_64 -o cmTC_8f9ea -L/opt/global/RedHat-7/20210108/intel/compilers_and_libraries_2020.2.254/linux/mpi/intel64/libfabric/lib -L/opt/aci/intel/compilers_and_libraries_2020.2.254/linux/ipp/lib/intel64 -L/opt/aci/intel/compilers_and_libraries_2020.2.254/linux/compiler/lib/intel64_lin -L/opt/aci/intel/compilers_and_libraries_2020.2.254/linux/mkl/lib/intel64_lin -L/opt/aci/intel/compilers_and_libraries_2020.2.254/linux/tbb/lib/intel64/gcc4.8 -L/opt/aci/intel/compilers_and_libraries_2020.2.254/linux/daal/lib/intel64_lin -L/opt/aci/intel/compilers_and_libraries_2020.2.254/linux/daal/../tbb/lib/intel64_lin/gcc4.4 -L/opt/aci/intel/compilers_and_libraries_2020.2.254/linux/daal/../tbb/lib/intel64_lin/gcc4.8 -L/opt/aci/intel/compilers_and_libraries_2020.2.254/linux/lib -L/opt/global/RedHat-7/20210114qa/intel/compilers_and_libraries_2020.2.254/linux/compiler/lib/intel64_lin -L/usr/lib/gcc/x86_64-redhat-linux/4.8.5/ -L/usr/lib/gcc/x86_64-redhat-linux/4.8.5/../../../../lib64 -L/usr/lib/gcc/x86_64-redhat-linux/4.8.5/../../../../lib64/ -L/lib/../lib64 -L/lib/../lib64/ -L/usr/lib/../lib64 -L/usr/lib/../lib64/ -L/opt/global/RedHat-7/20210108/intel/compilers_and_libraries_2020.2.254/linux/mpi/intel64/libfabric/lib/ -L/opt/aci/intel/compilers_and_libraries_2020.2.254/linux/ipp/lib/intel64/ -L/opt/aci/intel/compilers_and_libraries_2020.2.254/linux/compiler/lib/intel64_lin/ -L/opt/aci/intel/compilers_and_libraries_2020.2.254/linux/mkl/lib/intel64_lin/ -L/opt/aci/intel/compilers_and_libraries_2020.2.254/linux/tbb/lib/intel64/gcc4.8/ -L/opt/aci/intel/compilers_and_libraries_2020.2.254/linux/daal/lib/intel64_lin/ -L/opt/aci/intel/compilers_and_libraries_2020.2.254/linux/daal/../tbb/lib/intel64_lin/gcc4.8/ -L/opt/aci/intel/compilers_and_libraries_2020.2.254/linux/lib/ -L/usr/lib/gcc/x86_64-redhat-linux/4.8.5/../../../ -L/lib64 -L/lib/ -L/usr/lib64 -L/usr/lib CMakeFiles/cmTC_8f9ea.dir/CMakeCCompilerABI.c.o -Bdynamic -Bstatic -limf -lsvml -lirng -Bdynamic -lm -Bstatic -lipgo -ldecimal --as-needed -Bdynamic -lcilkrts -lstdc++ --no-as-needed -lgcc -lgcc_s -Bstatic -lirc -lsvml -Bdynamic -lc -lgcc -lgcc_s -Bstatic -lirc_s -Bdynamic -ldl -lc /usr/lib/gcc/x86_64-redhat-linux/4.8.5/crtend.o /usr/lib/gcc/x86_64-redhat-linux/4.8.5/../../../../lib64/crtn.o]
    arg [ld] ==> ignore
    arg [/usr/lib/gcc/x86_64-redhat-linux/4.8.5/../../../../lib64/crt1.o] ==> ignore
    arg [/usr/lib/gcc/x86_64-redhat-linux/4.8.5/../../../../lib64/crti.o] ==> ignore
    arg [/usr/lib/gcc/x86_64-redhat-linux/4.8.5/crtbegin.o] ==> ignore
    arg [--eh-frame-hdr] ==> ignore
    arg [--build-id] ==> ignore
    arg [-dynamic-linker] ==> ignore
    arg [/lib64/ld-linux-x86-64.so.2] ==> ignore
    arg [-m] ==> ignore
    arg [elf_x86_64] ==> ignore
    arg [-o] ==> ignore
    arg [cmTC_8f9ea] ==> ignore
    arg [-L/opt/global/RedHat-7/20210108/intel/compilers_and_libraries_2020.2.254/linux/mpi/intel64/libfabric/lib] ==> dir [/opt/global/RedHat-7/20210108/intel/compilers_and_libraries_2020.2.254/linux/mpi/intel64/libfabric/lib]
    arg [-L/opt/aci/intel/compilers_and_libraries_2020.2.254/linux/ipp/lib/intel64] ==> dir [/opt/aci/intel/compilers_and_libraries_2020.2.254/linux/ipp/lib/intel64]
    arg [-L/opt/aci/intel/compilers_and_libraries_2020.2.254/linux/compiler/lib/intel64_lin] ==> dir [/opt/aci/intel/compilers_and_libraries_2020.2.254/linux/compiler/lib/intel64_lin]
    arg [-L/opt/aci/intel/compilers_and_libraries_2020.2.254/linux/mkl/lib/intel64_lin] ==> dir [/opt/aci/intel/compilers_and_libraries_2020.2.254/linux/mkl/lib/intel64_lin]
    arg [-L/opt/aci/intel/compilers_and_libraries_2020.2.254/linux/tbb/lib/intel64/gcc4.8] ==> dir [/opt/aci/intel/compilers_and_libraries_2020.2.254/linux/tbb/lib/intel64/gcc4.8]
    arg [-L/opt/aci/intel/compilers_and_libraries_2020.2.254/linux/daal/lib/intel64_lin] ==> dir [/opt/aci/intel/compilers_and_libraries_2020.2.254/linux/daal/lib/intel64_lin]
    arg [-L/opt/aci/intel/compilers_and_libraries_2020.2.254/linux/daal/../tbb/lib/intel64_lin/gcc4.4] ==> dir [/opt/aci/intel/compilers_and_libraries_2020.2.254/linux/daal/../tbb/lib/intel64_lin/gcc4.4]
    arg [-L/opt/aci/intel/compilers_and_libraries_2020.2.254/linux/daal/../tbb/lib/intel64_lin/gcc4.8] ==> dir [/opt/aci/intel/compilers_and_libraries_2020.2.254/linux/daal/../tbb/lib/intel64_lin/gcc4.8]
    arg [-L/opt/aci/intel/compilers_and_libraries_2020.2.254/linux/lib] ==> dir [/opt/aci/intel/compilers_and_libraries_2020.2.254/linux/lib]
    arg [-L/opt/global/RedHat-7/20210114qa/intel/compilers_and_libraries_2020.2.254/linux/compiler/lib/intel64_lin] ==> dir [/opt/global/RedHat-7/20210114qa/intel/compilers_and_libraries_2020.2.254/linux/compiler/lib/intel64_lin]
    arg [-L/usr/lib/gcc/x86_64-redhat-linux/4.8.5/] ==> dir [/usr/lib/gcc/x86_64-redhat-linux/4.8.5/]
    arg [-L/usr/lib/gcc/x86_64-redhat-linux/4.8.5/../../../../lib64] ==> dir [/usr/lib/gcc/x86_64-redhat-linux/4.8.5/../../../../lib64]
    arg [-L/usr/lib/gcc/x86_64-redhat-linux/4.8.5/../../../../lib64/] ==> dir [/usr/lib/gcc/x86_64-redhat-linux/4.8.5/../../../../lib64/]
    arg [-L/lib/../lib64] ==> dir [/lib/../lib64]
    arg [-L/lib/../lib64/] ==> dir [/lib/../lib64/]
    arg [-L/usr/lib/../lib64] ==> dir [/usr/lib/../lib64]
    arg [-L/usr/lib/../lib64/] ==> dir [/usr/lib/../lib64/]
    arg [-L/opt/global/RedHat-7/20210108/intel/compilers_and_libraries_2020.2.254/linux/mpi/intel64/libfabric/lib/] ==> dir [/opt/global/RedHat-7/20210108/intel/compilers_and_libraries_2020.2.254/linux/mpi/intel64/libfabric/lib/]
    arg [-L/opt/aci/intel/compilers_and_libraries_2020.2.254/linux/ipp/lib/intel64/] ==> dir [/opt/aci/intel/compilers_and_libraries_2020.2.254/linux/ipp/lib/intel64/]
    arg [-L/opt/aci/intel/compilers_and_libraries_2020.2.254/linux/compiler/lib/intel64_lin/] ==> dir [/opt/aci/intel/compilers_and_libraries_2020.2.254/linux/compiler/lib/intel64_lin/]
    arg [-L/opt/aci/intel/compilers_and_libraries_2020.2.254/linux/mkl/lib/intel64_lin/] ==> dir [/opt/aci/intel/compilers_and_libraries_2020.2.254/linux/mkl/lib/intel64_lin/]
    arg [-L/opt/aci/intel/compilers_and_libraries_2020.2.254/linux/tbb/lib/intel64/gcc4.8/] ==> dir [/opt/aci/intel/compilers_and_libraries_2020.2.254/linux/tbb/lib/intel64/gcc4.8/]
    arg [-L/opt/aci/intel/compilers_and_libraries_2020.2.254/linux/daal/lib/intel64_lin/] ==> dir [/opt/aci/intel/compilers_and_libraries_2020.2.254/linux/daal/lib/intel64_lin/]
    arg [-L/opt/aci/intel/compilers_and_libraries_2020.2.254/linux/daal/../tbb/lib/intel64_lin/gcc4.8/] ==> dir [/opt/aci/intel/compilers_and_libraries_2020.2.254/linux/daal/../tbb/lib/intel64_lin/gcc4.8/]
    arg [-L/opt/aci/intel/compilers_and_libraries_2020.2.254/linux/lib/] ==> dir [/opt/aci/intel/compilers_and_libraries_2020.2.254/linux/lib/]
    arg [-L/usr/lib/gcc/x86_64-redhat-linux/4.8.5/../../../] ==> dir [/usr/lib/gcc/x86_64-redhat-linux/4.8.5/../../../]
    arg [-L/lib64] ==> dir [/lib64]
    arg [-L/lib/] ==> dir [/lib/]
    arg [-L/usr/lib64] ==> dir [/usr/lib64]
    arg [-L/usr/lib] ==> dir [/usr/lib]
    arg [CMakeFiles/cmTC_8f9ea.dir/CMakeCCompilerABI.c.o] ==> ignore
    arg [-Bdynamic] ==> ignore
    arg [-Bstatic] ==> ignore
    arg [-limf] ==> lib [imf]
    arg [-lsvml] ==> lib [svml]
    arg [-lirng] ==> lib [irng]
    arg [-Bdynamic] ==> ignore
    arg [-lm] ==> lib [m]
    arg [-Bstatic] ==> ignore
    arg [-lipgo] ==> lib [ipgo]
    arg [-ldecimal] ==> lib [decimal]
    arg [--as-needed] ==> ignore
    arg [-Bdynamic] ==> ignore
    arg [-lcilkrts] ==> lib [cilkrts]
    arg [-lstdc++] ==> lib [stdc++]
    arg [--no-as-needed] ==> ignore
    arg [-lgcc] ==> lib [gcc]
    arg [-lgcc_s] ==> lib [gcc_s]
    arg [-Bstatic] ==> ignore
    arg [-lirc] ==> lib [irc]
    arg [-lsvml] ==> lib [svml]
    arg [-Bdynamic] ==> ignore
    arg [-lc] ==> lib [c]
    arg [-lgcc] ==> lib [gcc]
    arg [-lgcc_s] ==> lib [gcc_s]
    arg [-Bstatic] ==> ignore
    arg [-lirc_s] ==> lib [irc_s]
    arg [-Bdynamic] ==> ignore
    arg [-ldl] ==> lib [dl]
    arg [-lc] ==> lib [c]
    arg [/usr/lib/gcc/x86_64-redhat-linux/4.8.5/crtend.o] ==> ignore
    arg [/usr/lib/gcc/x86_64-redhat-linux/4.8.5/../../../../lib64/crtn.o] ==> ignore
  collapse library dir [/opt/global/RedHat-7/20210108/intel/compilers_and_libraries_2020.2.254/linux/mpi/intel64/libfabric/lib] ==> [/opt/global/RedHat-7/20210108/intel/compilers_and_libraries_2020.2.254/linux/mpi/intel64/libfabric/lib]
  collapse library dir [/opt/aci/intel/compilers_and_libraries_2020.2.254/linux/ipp/lib/intel64] ==> [/opt/aci/intel/compilers_and_libraries_2020.2.254/linux/ipp/lib/intel64]
  collapse library dir [/opt/aci/intel/compilers_and_libraries_2020.2.254/linux/compiler/lib/intel64_lin] ==> [/opt/aci/intel/compilers_and_libraries_2020.2.254/linux/compiler/lib/intel64_lin]
  collapse library dir [/opt/aci/intel/compilers_and_libraries_2020.2.254/linux/mkl/lib/intel64_lin] ==> [/opt/aci/intel/compilers_and_libraries_2020.2.254/linux/mkl/lib/intel64_lin]
  collapse library dir [/opt/aci/intel/compilers_and_libraries_2020.2.254/linux/tbb/lib/intel64/gcc4.8] ==> [/opt/aci/intel/compilers_and_libraries_2020.2.254/linux/tbb/lib/intel64/gcc4.8]
  collapse library dir [/opt/aci/intel/compilers_and_libraries_2020.2.254/linux/daal/lib/intel64_lin] ==> [/opt/aci/intel/compilers_and_libraries_2020.2.254/linux/daal/lib/intel64_lin]
  collapse library dir [/opt/aci/intel/compilers_and_libraries_2020.2.254/linux/daal/../tbb/lib/intel64_lin/gcc4.4] ==> [/opt/aci/intel/compilers_and_libraries_2020.2.254/linux/tbb/lib/intel64_lin/gcc4.4]
  collapse library dir [/opt/aci/intel/compilers_and_libraries_2020.2.254/linux/daal/../tbb/lib/intel64_lin/gcc4.8] ==> [/opt/aci/intel/compilers_and_libraries_2020.2.254/linux/tbb/lib/intel64_lin/gcc4.8]
  collapse library dir [/opt/aci/intel/compilers_and_libraries_2020.2.254/linux/lib] ==> [/opt/aci/intel/compilers_and_libraries_2020.2.254/linux/lib]
  collapse library dir [/opt/global/RedHat-7/20210114qa/intel/compilers_and_libraries_2020.2.254/linux/compiler/lib/intel64_lin] ==> [/opt/global/RedHat-7/20210114qa/intel/compilers_and_libraries_2020.2.254/linux/compiler/lib/intel64_lin]
  collapse library dir [/usr/lib/gcc/x86_64-redhat-linux/4.8.5/] ==> [/usr/lib/gcc/x86_64-redhat-linux/4.8.5]
  collapse library dir [/usr/lib/gcc/x86_64-redhat-linux/4.8.5/../../../../lib64] ==> [/usr/lib64]
  collapse library dir [/usr/lib/gcc/x86_64-redhat-linux/4.8.5/../../../../lib64/] ==> [/usr/lib64]
  collapse library dir [/lib/../lib64] ==> [/lib64]
  collapse library dir [/lib/../lib64/] ==> [/lib64]
  collapse library dir [/usr/lib/../lib64] ==> [/usr/lib64]
  collapse library dir [/usr/lib/../lib64/] ==> [/usr/lib64]
  collapse library dir [/opt/global/RedHat-7/20210108/intel/compilers_and_libraries_2020.2.254/linux/mpi/intel64/libfabric/lib/] ==> [/opt/global/RedHat-7/20210108/intel/compilers_and_libraries_2020.2.254/linux/mpi/intel64/libfabric/lib]
  collapse library dir [/opt/aci/intel/compilers_and_libraries_2020.2.254/linux/ipp/lib/intel64/] ==> [/opt/aci/intel/compilers_and_libraries_2020.2.254/linux/ipp/lib/intel64]
  collapse library dir [/opt/aci/intel/compilers_and_libraries_2020.2.254/linux/compiler/lib/intel64_lin/] ==> [/opt/aci/intel/compilers_and_libraries_2020.2.254/linux/compiler/lib/intel64_lin]
  collapse library dir [/opt/aci/intel/compilers_and_libraries_2020.2.254/linux/mkl/lib/intel64_lin/] ==> [/opt/aci/intel/compilers_and_libraries_2020.2.254/linux/mkl/lib/intel64_lin]
  collapse library dir [/opt/aci/intel/compilers_and_libraries_2020.2.254/linux/tbb/lib/intel64/gcc4.8/] ==> [/opt/aci/intel/compilers_and_libraries_2020.2.254/linux/tbb/lib/intel64/gcc4.8]
  collapse library dir [/opt/aci/intel/compilers_and_libraries_2020.2.254/linux/daal/lib/intel64_lin/] ==> [/opt/aci/intel/compilers_and_libraries_2020.2.254/linux/daal/lib/intel64_lin]
  collapse library dir [/opt/aci/intel/compilers_and_libraries_2020.2.254/linux/daal/../tbb/lib/intel64_lin/gcc4.8/] ==> [/opt/aci/intel/compilers_and_libraries_2020.2.254/linux/tbb/lib/intel64_lin/gcc4.8]
  collapse library dir [/opt/aci/intel/compilers_and_libraries_2020.2.254/linux/lib/] ==> [/opt/aci/intel/compilers_and_libraries_2020.2.254/linux/lib]
  collapse library dir [/usr/lib/gcc/x86_64-redhat-linux/4.8.5/../../../] ==> [/usr/lib]
  collapse library dir [/lib64] ==> [/lib64]
  collapse library dir [/lib/] ==> [/lib]
  collapse library dir [/usr/lib64] ==> [/usr/lib64]
  collapse library dir [/usr/lib] ==> [/usr/lib]
  implicit libs: [imf;svml;irng;m;ipgo;decimal;cilkrts;stdc++;gcc;gcc_s;irc;svml;c;gcc;gcc_s;irc_s;dl;c]
  implicit dirs: [/opt/global/RedHat-7/20210108/intel/compilers_and_libraries_2020.2.254/linux/mpi/intel64/libfabric/lib;/opt/aci/intel/compilers_and_libraries_2020.2.254/linux/ipp/lib/intel64;/opt/aci/intel/compilers_and_libraries_2020.2.254/linux/compiler/lib/intel64_lin;/opt/aci/intel/compilers_and_libraries_2020.2.254/linux/mkl/lib/intel64_lin;/opt/aci/intel/compilers_and_libraries_2020.2.254/linux/tbb/lib/intel64/gcc4.8;/opt/aci/intel/compilers_and_libraries_2020.2.254/linux/daal/lib/intel64_lin;/opt/aci/intel/compilers_and_libraries_2020.2.254/linux/tbb/lib/intel64_lin/gcc4.4;/opt/aci/intel/compilers_and_libraries_2020.2.254/linux/tbb/lib/intel64_lin/gcc4.8;/opt/aci/intel/compilers_and_libraries_2020.2.254/linux/lib;/opt/global/RedHat-7/20210114qa/intel/compilers_and_libraries_2020.2.254/linux/compiler/lib/intel64_lin;/usr/lib/gcc/x86_64-redhat-linux/4.8.5;/usr/lib64;/lib64;/usr/lib;/lib]
  implicit fwks: []


Detecting CXX compiler ABI info compiled with the following output:
Change Dir: /gpfs/group/vvs3/default/Weinan/C2_cpp/CMakeFiles/CMakeTmp

Run Build Command(s):/usr/bin/gmake cmTC_6dfe0/fast && /usr/bin/gmake  -f CMakeFiles/cmTC_6dfe0.dir/build.make CMakeFiles/cmTC_6dfe0.dir/build
gmake[1]: Entering directory `/gpfs/group/vvs3/default/Weinan/C2_cpp/CMakeFiles/CMakeTmp'
Building CXX object CMakeFiles/cmTC_6dfe0.dir/CMakeCXXCompilerABI.cpp.o
/opt/aci/intel/compilers_and_libraries_2020.2.254/linux/bin/intel64/icpc   -v -o CMakeFiles/cmTC_6dfe0.dir/CMakeCXXCompilerABI.cpp.o -c /gpfs/group/RISE/sw7/cmake-3.19-intel-19.1.2/cmake-3.19.6/Modules/CMakeCXXCompilerABI.cpp
icpc version 19.1.2.254 (gcc version 4.8.5 compatibility)
/opt/global/RedHat-7/20210114qa/intel/compilers_and_libraries_2020.2.254/linux/bin/intel64/mcpcom    --target_efi2 --lang=c++ -_g -mP3OPT_inline_alloca -D__ICC=1910 -D__INTEL_COMPILER=1910 -D__INTEL_COMPILER_UPDATE=2 -D__PTRDIFF_TYPE__=long "-D__SIZE_TYPE__=unsigned long" -D__WCHAR_TYPE__=int "-D__WINT_TYPE__=unsigned int" "-D__INTMAX_TYPE__=long int" "-D__UINTMAX_TYPE__=long unsigned int" -D__LONG_MAX__=9223372036854775807L -D__QMSPP_ -D__OPTIMIZE__ -D__NO_MATH_INLINES -D__NO_STRING_INLINES -D__GNUC_GNU_INLINE__ -D__GNUG__=4 -D__GNUC__=4 -D__GNUC_MINOR__=8 -D__GNUC_PATCHLEVEL__=5 -D__LP64__ -D_LP64 -D_GNU_SOURCE=1 -D__DEPRECATED=1 -D__GXX_WEAK__=1 -D__GXX_ABI_VERSION=1002 "-D__USER_LABEL_PREFIX__= " -D__REGISTER_PREFIX__= -D__INTEL_RTTI__ -D__EXCEPTIONS=1 -D__unix__ -D__unix -D__linux__ -D__linux -D__gnu_linux__ -B -Dunix -Dlinux "-_Asystem(unix)" -D__ELF__ -D__x86_64 -D__x86_64__ -D__amd64 -D__amd64__ "-_Acpu(x86_64)" "-_Amachine(x86_64)" -D__INTEL_COMPILER_BUILD_DATE=20200623 -D__INTEL_OFFLOAD -D__MMX__ -D__SSE__ -D__SSE_MATH__ -D__SSE2__ -D__SSE2_MATH__ -D__pentium4 -D__pentium4__ -D__tune_pentium4__ -_k -_8 -_l --has_new_stdarg_support -_a -_b --gnu_version=40805 -_W5 -p --bool -tused -x --openmp_simd --multibyte_chars -mGLOB_diag_suppress_sys --system_preinclude /usr/include/stdc-predef.h -I/opt/aci/intel/compilers_and_libraries_2020.2.254/linux/pstl/include -I/opt/aci/intel/compilers_and_libraries_2020.2.254/linux/ipp/include -I/opt/aci/intel/compilers_and_libraries_2020.2.254/linux/mkl/include -I/opt/aci/intel/compilers_and_libraries_2020.2.254/linux/pstl/include -I/opt/aci/intel/compilers_and_libraries_2020.2.254/linux/pstl/stdlib -I/opt/aci/intel/compilers_and_libraries_2020.2.254/linux/tbb/include -I/opt/aci/intel/compilers_and_libraries_2020.2.254/linux/daal/include --array_section --simd --simd_func --offload_mode=1 --offload_target_names=mic,MIC --offload_unique_string=icpc1099451953DS3SQ6 --bool -mGLOB_em64t=TRUE -mP1OPT_version=19.1-intel64 -mGLOB_diag_file=CMakeFiles/cmTC_6dfe0.dir/CMakeCXXCompilerABI.cpp.diag -mGLOB_long_size_64 -mGLOB_routine_pointer_size_64 -mP1OPT_print_version=FALSE -mCG_use_gas_got_workaround=F -mP2OPT_align_option_used=TRUE -mGLOB_gcc_version=485 "-mGLOB_options_string=-v -o CMakeFiles/cmTC_6dfe0.dir/CMakeCXXCompilerABI.cpp.o -c" -mGLOB_cxx_limited_range=FALSE -mCG_extend_parms=FALSE -mGLOB_compiler_bin_directory=/opt/global/RedHat-7/20210114qa/intel/compilers_and_libraries_2020.2.254/linux/bin/intel64 -mGLOB_as_output_backup_file_name=/tmp/icpc7AWE4Was_.s -mIPOPT_activate -mIPOPT_lite -mGLOB_uarch_tuning=0x0 -mGLOB_product_id_code=0x22006d90 -mCG_bnl_movbe=T -mP3OPT_use_mspp_call_convention -mP2OPT_subs_out_of_bound=FALSE -mP2OPT_disam_type_based_disam=2 -mP2OPT_disam_assume_ansi_c -mP2OPT_checked_disam_ansi_alias=TRUE -mGLOB_ansi_alias -mPGOPTI_value_profile_use=T -mP2OPT_il0_array_sections=TRUE -mGLOB_offload_mode=1 -mP2OPT_offload_unique_var_string=icpc1099451953DS3SQ6 -mP2OPT_hlo_level=2 -mP2OPT_hlo -mP2OPT_hpo_rtt_control=0 -mIPOPT_args_in_regs=0 -mP2OPT_disam_assume_nonstd_intent_in=FALSE -mGLOB_imf_mapping_library=/opt/global/RedHat-7/20210114qa/intel/compilers_and_libraries_2020.2.254/linux/bin/intel64/libiml_attr.so -mPGOPTI_gen_threadsafe_level=0 -mIPOPT_lto_object_enabled -mIPOPT_lto_object_value=1 -mIPOPT_obj_output_file_name=CMakeFiles/cmTC_6dfe0.dir/CMakeCXXCompilerABI.cpp.o -mIPOPT_whole_archive_fixup_file_name=/tmp/icpcwarch7zF0eb -mGLOB_linker_version=2.27 -mGLOB_linker=ld -mGLOB_driver_tempfile_name=/tmp/icpctempfileZSQlkN -mP3OPT_asm_target=P3OPT_ASM_TARGET_GAS -mGLOB_async_unwind_tables=TRUE -mGLOB_obj_output_file=CMakeFiles/cmTC_6dfe0.dir/CMakeCXXCompilerABI.cpp.o -mGLOB_source_dialect=GLOB_SOURCE_DIALECT_C_PLUS_PLUS -mP1OPT_source_file_name=/gpfs/group/RISE/sw7/cmake-3.19-intel-19.1.2/cmake-3.19.6/Modules/CMakeCXXCompilerABI.cpp -mP1OPT_full_source_file_name=/gpfs/group/RISE/sw7/cmake-3.19-intel-19.1.2/cmake-3.19.6/Modules/CMakeCXXCompilerABI.cpp -mGLOB_eh_linux /gpfs/group/RISE/sw7/cmake-3.19-intel-19.1.2/cmake-3.19.6/Modules/CMakeCXXCompilerABI.cpp
#include "..." search starts here:
#include <...> search starts here:
 /opt/aci/intel/compilers_and_libraries_2020.2.254/linux/pstl/include
 /opt/aci/intel/compilers_and_libraries_2020.2.254/linux/ipp/include
 /opt/aci/intel/compilers_and_libraries_2020.2.254/linux/mkl/include
 /opt/aci/intel/compilers_and_libraries_2020.2.254/linux/pstl/include
 /opt/aci/intel/compilers_and_libraries_2020.2.254/linux/pstl/stdlib
 /opt/aci/intel/compilers_and_libraries_2020.2.254/linux/tbb/include
 /opt/aci/intel/compilers_and_libraries_2020.2.254/linux/daal/include
 /opt/global/RedHat-7/20210114qa/intel/compilers_and_libraries_2020.2.254/linux/compiler/include/intel64
 /opt/global/RedHat-7/20210114qa/intel/compilers_and_libraries_2020.2.254/linux/compiler/include/icc
 /opt/global/RedHat-7/20210114qa/intel/compilers_and_libraries_2020.2.254/linux/compiler/include
 /usr/include/c++/4.8.5
 /usr/include/c++/4.8.5/x86_64-redhat-linux
 /usr/include/c++/4.8.5/backward
 /usr/local/include
 /usr/lib/gcc/x86_64-redhat-linux/4.8.5/include
 /usr/include/
 /usr/include
End of search list.
Linking CXX executable cmTC_6dfe0
/gpfs/group/RISE/sw7/cmake-3.19-intel-19.1.2/cmake-3.19.6/bin/cmake -E cmake_link_script CMakeFiles/cmTC_6dfe0.dir/link.txt --verbose=1
/opt/aci/intel/compilers_and_libraries_2020.2.254/linux/bin/intel64/icpc  -v CMakeFiles/cmTC_6dfe0.dir/CMakeCXXCompilerABI.cpp.o -o cmTC_6dfe0 
icpc version 19.1.2.254 (gcc version 4.8.5 compatibility)
/opt/global/RedHat-7/20210114qa/intel/compilers_and_libraries_2020.2.254/linux/bin/intel64/mcpcom    -mGLOB_em64t=TRUE -mP1OPT_version=19.1-intel64 -mGLOB_diag_file=CMakeFiles/cmTC_6dfe0.dir/CMakeCXXCompilerABI.cpp.diag -mGLOB_long_size_64 -mGLOB_routine_pointer_size_64 -mP1OPT_print_version=FALSE -mCG_use_gas_got_workaround=F -mP2OPT_align_option_used=TRUE -mGLOB_gcc_version=485 "-mGLOB_options_string=-v -o cmTC_6dfe0" -mGLOB_cxx_limited_range=FALSE -mCG_extend_parms=FALSE -mGLOB_compiler_bin_directory=/opt/global/RedHat-7/20210114qa/intel/compilers_and_libraries_2020.2.254/linux/bin/intel64 -mGLOB_as_output_backup_file_name=/tmp/icpcCe7RvKas_.s -mGLOB_dashboard_use_source_name -mIPOPT_activate -mGLOB_product_id_code=0x22006d90 -mP3OPT_use_mspp_call_convention -mP2OPT_subs_out_of_bound=FALSE -mP2OPT_disam_type_based_disam=2 -mP2OPT_disam_assume_ansi_c -mP2OPT_checked_disam_ansi_alias=TRUE -mGLOB_ansi_alias -mPGOPTI_value_profile_use=T -mGLOB_opt_report_use_source_name -mP2OPT_il0_array_sections=TRUE -mGLOB_offload_mode=1 -mP2OPT_offload_unique_var_string=icpc0413422589kLIHye -mP2OPT_hlo -mP2OPT_hpo_rtt_control=0 -mIPOPT_args_in_regs=0 -mP2OPT_disam_assume_nonstd_intent_in=FALSE -mGLOB_imf_mapping_library=/opt/global/RedHat-7/20210114qa/intel/compilers_and_libraries_2020.2.254/linux/bin/intel64/libiml_attr.so -mPGOPTI_gen_threadsafe_level=0 -mIPOPT_link -mIPOPT_ipo_activate -mIPOPT_mo_activate -mIPOPT_source_files_list=/tmp/icpcslisrrZQNv -mIPOPT_mo_global_data -mIPOPT_link_script_file=/tmp/icpcscript95mR97 "-mIPOPT_cmdline_link="/usr/lib/gcc/x86_64-redhat-linux/4.8.5/../../../../lib64/crt1.o" "/usr/lib/gcc/x86_64-redhat-linux/4.8.5/../../../../lib64/crti.o" "/usr/lib/gcc/x86_64-redhat-linux/4.8.5/crtbegin.o" "--eh-frame-hdr" "--build-id" "-dynamic-linker" "/lib64/ld-linux-x86-64.so.2" "-m" "elf_x86_64" "-o" "cmTC_6dfe0" "-L/opt/global/RedHat-7/20210108/intel/compilers_and_libraries_2020.2.254/linux/mpi/intel64/libfabric/lib" "-L/opt/aci/intel/compilers_and_libraries_2020.2.254/linux/ipp/lib/intel64" "-L/opt/aci/intel/compilers_and_libraries_2020.2.254/linux/compiler/lib/intel64_lin" "-L/opt/aci/intel/compilers_and_libraries_2020.2.254/linux/mkl/lib/intel64_lin" "-L/opt/aci/intel/compilers_and_libraries_2020.2.254/linux/tbb/lib/intel64/gcc4.8" "-L/opt/aci/intel/compilers_and_libraries_2020.2.254/linux/daal/lib/intel64_lin" "-L/opt/aci/intel/compilers_and_libraries_2020.2.254/linux/daal/../tbb/lib/intel64_lin/gcc4.4" "-L/opt/aci/intel/compilers_and_libraries_2020.2.254/linux/daal/../tbb/lib/intel64_lin/gcc4.8" "-L/opt/aci/intel/compilers_and_libraries_2020.2.254/linux/lib" "-L/opt/global/RedHat-7/20210114qa/intel/compilers_and_libraries_2020.2.254/linux/compiler/lib/intel64_lin" "-L/usr/lib/gcc/x86_64-redhat-linux/4.8.5/" "-L/usr/lib/gcc/x86_64-redhat-linux/4.8.5/../../../../lib64" "-L/usr/lib/gcc/x86_64-redhat-linux/4.8.5/../../../../lib64/" "-L/lib/../lib64" "-L/lib/../lib64/" "-L/usr/lib/../lib64" "-L/usr/lib/../lib64/" "-L/opt/global/RedHat-7/20210108/intel/compilers_and_libraries_2020.2.254/linux/mpi/intel64/libfabric/lib/" "-L/opt/aci/intel/compilers_and_libraries_2020.2.254/linux/ipp/lib/intel64/" "-L/opt/aci/intel/compilers_and_libraries_2020.2.254/linux/compiler/lib/intel64_lin/" "-L/opt/aci/intel/compilers_and_libraries_2020.2.254/linux/mkl/lib/intel64_lin/" "-L/opt/aci/intel/compilers_and_libraries_2020.2.254/linux/tbb/lib/intel64/gcc4.8/" "-L/opt/aci/intel/compilers_and_libraries_2020.2.254/linux/daal/lib/intel64_lin/" "-L/opt/aci/intel/compilers_and_libraries_2020.2.254/linux/daal/../tbb/lib/intel64_lin/gcc4.8/" "-L/opt/aci/intel/compilers_and_libraries_2020.2.254/linux/lib/" "-L/usr/lib/gcc/x86_64-redhat-linux/4.8.5/../../../" "-L/lib64" "-L/lib/" "-L/usr/lib64" "-L/usr/lib" "CMakeFiles/cmTC_6dfe0.dir/CMakeCXXCompilerABI.cpp.o" "-Bdynamic" "-Bstatic" "-limf" "-lsvml" "-lirng" "-Bdynamic" "-lstdc++" "-lm" "-Bstatic" "-lipgo" "-ldecimal" "--as-needed" "-Bdynamic" "-lcilkrts" "--no-as-needed" "-lstdc++" "-lgcc" "-lgcc_s" "-Bstatic" "-lirc" "-lsvml" "-Bdynamic" "-lc" "-lgcc" "-lgcc_s" "-Bstatic" "-lirc_s" "-Bdynamic" "-ldl" "-lc" "/usr/lib/gcc/x86_64-redhat-linux/4.8.5/crtend.o" "/usr/lib/gcc/x86_64-redhat-linux/4.8.5/../../../../lib64/crtn.o"" -mIPOPT_il_in_obj -mIPOPT_ipo_activate_warn=FALSE -mIPOPT_obj_output_file_name=/tmp/ipo_icpcwLFUFN.o -mIPOPT_whole_archive_fixup_file_name=/tmp/icpcwarchGmtAeZ -mGLOB_linker_version=2.27 -mGLOB_linker=ld -mGLOB_driver_tempfile_name=/tmp/icpctempfileRoYhBB -mP3OPT_asm_target=P3OPT_ASM_TARGET_GAS -mGLOB_async_unwind_tables=TRUE -mGLOB_obj_output_file=/tmp/ipo_icpcwLFUFN.o -mGLOB_source_dialect=GLOB_SOURCE_DIALECT_NONE -mP1OPT_source_file_name=ipo_out.c CMakeFiles/cmTC_6dfe0.dir/CMakeCXXCompilerABI.cpp.o -mIPOPT_object_files=T -mIPOPT_assembly_files=/tmp/icpcalis0mmSn2 -mIPOPT_generated_tempfiles=/tmp/icpcelisAoBRJE -mIPOPT_embedded_object_base_name=/tmp/icpceobj3N7Q5g -mIPOPT_cmdline_link_new_name=/tmp/icpclliswDTQrT
ld    /usr/lib/gcc/x86_64-redhat-linux/4.8.5/../../../../lib64/crt1.o /usr/lib/gcc/x86_64-redhat-linux/4.8.5/../../../../lib64/crti.o /usr/lib/gcc/x86_64-redhat-linux/4.8.5/crtbegin.o --eh-frame-hdr --build-id -dynamic-linker /lib64/ld-linux-x86-64.so.2 -m elf_x86_64 -o cmTC_6dfe0 -L/opt/global/RedHat-7/20210108/intel/compilers_and_libraries_2020.2.254/linux/mpi/intel64/libfabric/lib -L/opt/aci/intel/compilers_and_libraries_2020.2.254/linux/ipp/lib/intel64 -L/opt/aci/intel/compilers_and_libraries_2020.2.254/linux/compiler/lib/intel64_lin -L/opt/aci/intel/compilers_and_libraries_2020.2.254/linux/mkl/lib/intel64_lin -L/opt/aci/intel/compilers_and_libraries_2020.2.254/linux/tbb/lib/intel64/gcc4.8 -L/opt/aci/intel/compilers_and_libraries_2020.2.254/linux/daal/lib/intel64_lin -L/opt/aci/intel/compilers_and_libraries_2020.2.254/linux/daal/../tbb/lib/intel64_lin/gcc4.4 -L/opt/aci/intel/compilers_and_libraries_2020.2.254/linux/daal/../tbb/lib/intel64_lin/gcc4.8 -L/opt/aci/intel/compilers_and_libraries_2020.2.254/linux/lib -L/opt/global/RedHat-7/20210114qa/intel/compilers_and_libraries_2020.2.254/linux/compiler/lib/intel64_lin -L/usr/lib/gcc/x86_64-redhat-linux/4.8.5/ -L/usr/lib/gcc/x86_64-redhat-linux/4.8.5/../../../../lib64 -L/usr/lib/gcc/x86_64-redhat-linux/4.8.5/../../../../lib64/ -L/lib/../lib64 -L/lib/../lib64/ -L/usr/lib/../lib64 -L/usr/lib/../lib64/ -L/opt/global/RedHat-7/20210108/intel/compilers_and_libraries_2020.2.254/linux/mpi/intel64/libfabric/lib/ -L/opt/aci/intel/compilers_and_libraries_2020.2.254/linux/ipp/lib/intel64/ -L/opt/aci/intel/compilers_and_libraries_2020.2.254/linux/compiler/lib/intel64_lin/ -L/opt/aci/intel/compilers_and_libraries_2020.2.254/linux/mkl/lib/intel64_lin/ -L/opt/aci/intel/compilers_and_libraries_2020.2.254/linux/tbb/lib/intel64/gcc4.8/ -L/opt/aci/intel/compilers_and_libraries_2020.2.254/linux/daal/lib/intel64_lin/ -L/opt/aci/intel/compilers_and_libraries_2020.2.254/linux/daal/../tbb/lib/intel64_lin/gcc4.8/ -L/opt/aci/intel/compilers_and_libraries_2020.2.254/linux/lib/ -L/usr/lib/gcc/x86_64-redhat-linux/4.8.5/../../../ -L/lib64 -L/lib/ -L/usr/lib64 -L/usr/lib CMakeFiles/cmTC_6dfe0.dir/CMakeCXXCompilerABI.cpp.o -Bdynamic -Bstatic -limf -lsvml -lirng -Bdynamic -lstdc++ -lm -Bstatic -lipgo -ldecimal --as-needed -Bdynamic -lcilkrts --no-as-needed -lstdc++ -lgcc -lgcc_s -Bstatic -lirc -lsvml -Bdynamic -lc -lgcc -lgcc_s -Bstatic -lirc_s -Bdynamic -ldl -lc /usr/lib/gcc/x86_64-redhat-linux/4.8.5/crtend.o /usr/lib/gcc/x86_64-redhat-linux/4.8.5/../../../../lib64/crtn.o
gmake[1]: Leaving directory `/gpfs/group/vvs3/default/Weinan/C2_cpp/CMakeFiles/CMakeTmp'



Parsed CXX implicit include dir info from above output: rv=done
  found start of include info
  found start of implicit include info
    add: [/opt/aci/intel/compilers_and_libraries_2020.2.254/linux/pstl/include]
    add: [/opt/aci/intel/compilers_and_libraries_2020.2.254/linux/ipp/include]
    add: [/opt/aci/intel/compilers_and_libraries_2020.2.254/linux/mkl/include]
    add: [/opt/aci/intel/compilers_and_libraries_2020.2.254/linux/pstl/include]
    add: [/opt/aci/intel/compilers_and_libraries_2020.2.254/linux/pstl/stdlib]
    add: [/opt/aci/intel/compilers_and_libraries_2020.2.254/linux/tbb/include]
    add: [/opt/aci/intel/compilers_and_libraries_2020.2.254/linux/daal/include]
    add: [/opt/global/RedHat-7/20210114qa/intel/compilers_and_libraries_2020.2.254/linux/compiler/include/intel64]
    add: [/opt/global/RedHat-7/20210114qa/intel/compilers_and_libraries_2020.2.254/linux/compiler/include/icc]
    add: [/opt/global/RedHat-7/20210114qa/intel/compilers_and_libraries_2020.2.254/linux/compiler/include]
    add: [/usr/include/c++/4.8.5]
    add: [/usr/include/c++/4.8.5/x86_64-redhat-linux]
    add: [/usr/include/c++/4.8.5/backward]
    add: [/usr/local/include]
    add: [/usr/lib/gcc/x86_64-redhat-linux/4.8.5/include]
    add: [/usr/include/]
    add: [/usr/include]
  end of search list found
  collapse include dir [/opt/aci/intel/compilers_and_libraries_2020.2.254/linux/pstl/include] ==> [/opt/aci/intel/compilers_and_libraries_2020.2.254/linux/pstl/include]
  collapse include dir [/opt/aci/intel/compilers_and_libraries_2020.2.254/linux/ipp/include] ==> [/opt/aci/intel/compilers_and_libraries_2020.2.254/linux/ipp/include]
  collapse include dir [/opt/aci/intel/compilers_and_libraries_2020.2.254/linux/mkl/include] ==> [/opt/aci/intel/compilers_and_libraries_2020.2.254/linux/mkl/include]
  collapse include dir [/opt/aci/intel/compilers_and_libraries_2020.2.254/linux/pstl/include] ==> [/opt/aci/intel/compilers_and_libraries_2020.2.254/linux/pstl/include]
  collapse include dir [/opt/aci/intel/compilers_and_libraries_2020.2.254/linux/pstl/stdlib] ==> [/opt/aci/intel/compilers_and_libraries_2020.2.254/linux/pstl/stdlib]
  collapse include dir [/opt/aci/intel/compilers_and_libraries_2020.2.254/linux/tbb/include] ==> [/opt/aci/intel/compilers_and_libraries_2020.2.254/linux/tbb/include]
  collapse include dir [/opt/aci/intel/compilers_and_libraries_2020.2.254/linux/daal/include] ==> [/opt/aci/intel/compilers_and_libraries_2020.2.254/linux/daal/include]
  collapse include dir [/opt/global/RedHat-7/20210114qa/intel/compilers_and_libraries_2020.2.254/linux/compiler/include/intel64] ==> [/opt/global/RedHat-7/20210114qa/intel/compilers_and_libraries_2020.2.254/linux/compiler/include/intel64]
  collapse include dir [/opt/global/RedHat-7/20210114qa/intel/compilers_and_libraries_2020.2.254/linux/compiler/include/icc] ==> [/opt/global/RedHat-7/20210114qa/intel/compilers_and_libraries_2020.2.254/linux/compiler/include/icc]
  collapse include dir [/opt/global/RedHat-7/20210114qa/intel/compilers_and_libraries_2020.2.254/linux/compiler/include] ==> [/opt/global/RedHat-7/20210114qa/intel/compilers_and_libraries_2020.2.254/linux/compiler/include]
  collapse include dir [/usr/include/c++/4.8.5] ==> [/usr/include/c++/4.8.5]
  collapse include dir [/usr/include/c++/4.8.5/x86_64-redhat-linux] ==> [/usr/include/c++/4.8.5/x86_64-redhat-linux]
  collapse include dir [/usr/include/c++/4.8.5/backward] ==> [/usr/include/c++/4.8.5/backward]
  collapse include dir [/usr/local/include] ==> [/usr/local/include]
  collapse include dir [/usr/lib/gcc/x86_64-redhat-linux/4.8.5/include] ==> [/usr/lib/gcc/x86_64-redhat-linux/4.8.5/include]
  collapse include dir [/usr/include/] ==> [/usr/include]
  collapse include dir [/usr/include] ==> [/usr/include]
  implicit include dirs: [/opt/aci/intel/compilers_and_libraries_2020.2.254/linux/pstl/include;/opt/aci/intel/compilers_and_libraries_2020.2.254/linux/ipp/include;/opt/aci/intel/compilers_and_libraries_2020.2.254/linux/mkl/include;/opt/aci/intel/compilers_and_libraries_2020.2.254/linux/pstl/stdlib;/opt/aci/intel/compilers_and_libraries_2020.2.254/linux/tbb/include;/opt/aci/intel/compilers_and_libraries_2020.2.254/linux/daal/include;/opt/global/RedHat-7/20210114qa/intel/compilers_and_libraries_2020.2.254/linux/compiler/include/intel64;/opt/global/RedHat-7/20210114qa/intel/compilers_and_libraries_2020.2.254/linux/compiler/include/icc;/opt/global/RedHat-7/20210114qa/intel/compilers_and_libraries_2020.2.254/linux/compiler/include;/usr/include/c++/4.8.5;/usr/include/c++/4.8.5/x86_64-redhat-linux;/usr/include/c++/4.8.5/backward;/usr/local/include;/usr/lib/gcc/x86_64-redhat-linux/4.8.5/include;/usr/include]


Parsed CXX implicit link information from above output:
  link line regex: [^( *|.*[/\])(ld|CMAKE_LINK_STARTFILE-NOTFOUND|([^/\]+-)?ld|collect2)[^/\]*( |$)]
  ignore line: [Change Dir: /gpfs/group/vvs3/default/Weinan/C2_cpp/CMakeFiles/CMakeTmp]
  ignore line: []
  ignore line: [Run Build Command(s):/usr/bin/gmake cmTC_6dfe0/fast && /usr/bin/gmake  -f CMakeFiles/cmTC_6dfe0.dir/build.make CMakeFiles/cmTC_6dfe0.dir/build]
  ignore line: [gmake[1]: Entering directory `/gpfs/group/vvs3/default/Weinan/C2_cpp/CMakeFiles/CMakeTmp']
  ignore line: [Building CXX object CMakeFiles/cmTC_6dfe0.dir/CMakeCXXCompilerABI.cpp.o]
  ignore line: [/opt/aci/intel/compilers_and_libraries_2020.2.254/linux/bin/intel64/icpc   -v -o CMakeFiles/cmTC_6dfe0.dir/CMakeCXXCompilerABI.cpp.o -c /gpfs/group/RISE/sw7/cmake-3.19-intel-19.1.2/cmake-3.19.6/Modules/CMakeCXXCompilerABI.cpp]
  ignore line: [icpc version 19.1.2.254 (gcc version 4.8.5 compatibility)]
  ignore line: [/opt/global/RedHat-7/20210114qa/intel/compilers_and_libraries_2020.2.254/linux/bin/intel64/mcpcom    --target_efi2 --lang=c++ -_g -mP3OPT_inline_alloca -D__ICC=1910 -D__INTEL_COMPILER=1910 -D__INTEL_COMPILER_UPDATE=2 -D__PTRDIFF_TYPE__=long "-D__SIZE_TYPE__=unsigned long" -D__WCHAR_TYPE__=int "-D__WINT_TYPE__=unsigned int" "-D__INTMAX_TYPE__=long int" "-D__UINTMAX_TYPE__=long unsigned int" -D__LONG_MAX__=9223372036854775807L -D__QMSPP_ -D__OPTIMIZE__ -D__NO_MATH_INLINES -D__NO_STRING_INLINES -D__GNUC_GNU_INLINE__ -D__GNUG__=4 -D__GNUC__=4 -D__GNUC_MINOR__=8 -D__GNUC_PATCHLEVEL__=5 -D__LP64__ -D_LP64 -D_GNU_SOURCE=1 -D__DEPRECATED=1 -D__GXX_WEAK__=1 -D__GXX_ABI_VERSION=1002 "-D__USER_LABEL_PREFIX__= " -D__REGISTER_PREFIX__= -D__INTEL_RTTI__ -D__EXCEPTIONS=1 -D__unix__ -D__unix -D__linux__ -D__linux -D__gnu_linux__ -B -Dunix -Dlinux "-_Asystem(unix)" -D__ELF__ -D__x86_64 -D__x86_64__ -D__amd64 -D__amd64__ "-_Acpu(x86_64)" "-_Amachine(x86_64)" -D__INTEL_COMPILER_BUILD_DATE=20200623 -D__INTEL_OFFLOAD -D__MMX__ -D__SSE__ -D__SSE_MATH__ -D__SSE2__ -D__SSE2_MATH__ -D__pentium4 -D__pentium4__ -D__tune_pentium4__ -_k -_8 -_l --has_new_stdarg_support -_a -_b --gnu_version=40805 -_W5 -p --bool -tused -x --openmp_simd --multibyte_chars -mGLOB_diag_suppress_sys --system_preinclude /usr/include/stdc-predef.h -I/opt/aci/intel/compilers_and_libraries_2020.2.254/linux/pstl/include -I/opt/aci/intel/compilers_and_libraries_2020.2.254/linux/ipp/include -I/opt/aci/intel/compilers_and_libraries_2020.2.254/linux/mkl/include -I/opt/aci/intel/compilers_and_libraries_2020.2.254/linux/pstl/include -I/opt/aci/intel/compilers_and_libraries_2020.2.254/linux/pstl/stdlib -I/opt/aci/intel/compilers_and_libraries_2020.2.254/linux/tbb/include -I/opt/aci/intel/compilers_and_libraries_2020.2.254/linux/daal/include --array_section --simd --simd_func --offload_mode=1 --offload_target_names=mic MIC --offload_unique_string=icpc1099451953DS3SQ6 --bool -mGLOB_em64t=TRUE -mP1OPT_version=19.1-intel64 -mGLOB_diag_file=CMakeFiles/cmTC_6dfe0.dir/CMakeCXXCompilerABI.cpp.diag -mGLOB_long_size_64 -mGLOB_routine_pointer_size_64 -mP1OPT_print_version=FALSE -mCG_use_gas_got_workaround=F -mP2OPT_align_option_used=TRUE -mGLOB_gcc_version=485 "-mGLOB_options_string=-v -o CMakeFiles/cmTC_6dfe0.dir/CMakeCXXCompilerABI.cpp.o -c" -mGLOB_cxx_limited_range=FALSE -mCG_extend_parms=FALSE -mGLOB_compiler_bin_directory=/opt/global/RedHat-7/20210114qa/intel/compilers_and_libraries_2020.2.254/linux/bin/intel64 -mGLOB_as_output_backup_file_name=/tmp/icpc7AWE4Was_.s -mIPOPT_activate -mIPOPT_lite -mGLOB_uarch_tuning=0x0 -mGLOB_product_id_code=0x22006d90 -mCG_bnl_movbe=T -mP3OPT_use_mspp_call_convention -mP2OPT_subs_out_of_bound=FALSE -mP2OPT_disam_type_based_disam=2 -mP2OPT_disam_assume_ansi_c -mP2OPT_checked_disam_ansi_alias=TRUE -mGLOB_ansi_alias -mPGOPTI_value_profile_use=T -mP2OPT_il0_array_sections=TRUE -mGLOB_offload_mode=1 -mP2OPT_offload_unique_var_string=icpc1099451953DS3SQ6 -mP2OPT_hlo_level=2 -mP2OPT_hlo -mP2OPT_hpo_rtt_control=0 -mIPOPT_args_in_regs=0 -mP2OPT_disam_assume_nonstd_intent_in=FALSE -mGLOB_imf_mapping_library=/opt/global/RedHat-7/20210114qa/intel/compilers_and_libraries_2020.2.254/linux/bin/intel64/libiml_attr.so -mPGOPTI_gen_threadsafe_level=0 -mIPOPT_lto_object_enabled -mIPOPT_lto_object_value=1 -mIPOPT_obj_output_file_name=CMakeFiles/cmTC_6dfe0.dir/CMakeCXXCompilerABI.cpp.o -mIPOPT_whole_archive_fixup_file_name=/tmp/icpcwarch7zF0eb -mGLOB_linker_version=2.27 -mGLOB_linker=ld -mGLOB_driver_tempfile_name=/tmp/icpctempfileZSQlkN -mP3OPT_asm_target=P3OPT_ASM_TARGET_GAS -mGLOB_async_unwind_tables=TRUE -mGLOB_obj_output_file=CMakeFiles/cmTC_6dfe0.dir/CMakeCXXCompilerABI.cpp.o -mGLOB_source_dialect=GLOB_SOURCE_DIALECT_C_PLUS_PLUS -mP1OPT_source_file_name=/gpfs/group/RISE/sw7/cmake-3.19-intel-19.1.2/cmake-3.19.6/Modules/CMakeCXXCompilerABI.cpp -mP1OPT_full_source_file_name=/gpfs/group/RISE/sw7/cmake-3.19-intel-19.1.2/cmake-3.19.6/Modules/CMakeCXXCompilerABI.cpp -mGLOB_eh_linux /gpfs/group/RISE/sw7/cmake-3.19-intel-19.1.2/cmake-3.19.6/Modules/CMakeCXXCompilerABI.cpp]
  ignore line: [#include "..." search starts here:]
  ignore line: [#include <...> search starts here:]
  ignore line: [ /opt/aci/intel/compilers_and_libraries_2020.2.254/linux/pstl/include]
  ignore line: [ /opt/aci/intel/compilers_and_libraries_2020.2.254/linux/ipp/include]
  ignore line: [ /opt/aci/intel/compilers_and_libraries_2020.2.254/linux/mkl/include]
  ignore line: [ /opt/aci/intel/compilers_and_libraries_2020.2.254/linux/pstl/include]
  ignore line: [ /opt/aci/intel/compilers_and_libraries_2020.2.254/linux/pstl/stdlib]
  ignore line: [ /opt/aci/intel/compilers_and_libraries_2020.2.254/linux/tbb/include]
  ignore line: [ /opt/aci/intel/compilers_and_libraries_2020.2.254/linux/daal/include]
  ignore line: [ /opt/global/RedHat-7/20210114qa/intel/compilers_and_libraries_2020.2.254/linux/compiler/include/intel64]
  ignore line: [ /opt/global/RedHat-7/20210114qa/intel/compilers_and_libraries_2020.2.254/linux/compiler/include/icc]
  ignore line: [ /opt/global/RedHat-7/20210114qa/intel/compilers_and_libraries_2020.2.254/linux/compiler/include]
  ignore line: [ /usr/include/c++/4.8.5]
  ignore line: [ /usr/include/c++/4.8.5/x86_64-redhat-linux]
  ignore line: [ /usr/include/c++/4.8.5/backward]
  ignore line: [ /usr/local/include]
  ignore line: [ /usr/lib/gcc/x86_64-redhat-linux/4.8.5/include]
  ignore line: [ /usr/include/]
  ignore line: [ /usr/include]
  ignore line: [End of search list.]
  ignore line: [Linking CXX executable cmTC_6dfe0]
  ignore line: [/gpfs/group/RISE/sw7/cmake-3.19-intel-19.1.2/cmake-3.19.6/bin/cmake -E cmake_link_script CMakeFiles/cmTC_6dfe0.dir/link.txt --verbose=1]
  ignore line: [/opt/aci/intel/compilers_and_libraries_2020.2.254/linux/bin/intel64/icpc  -v CMakeFiles/cmTC_6dfe0.dir/CMakeCXXCompilerABI.cpp.o -o cmTC_6dfe0 ]
  ignore line: [icpc version 19.1.2.254 (gcc version 4.8.5 compatibility)]
  ignore line: [/opt/global/RedHat-7/20210114qa/intel/compilers_and_libraries_2020.2.254/linux/bin/intel64/mcpcom    -mGLOB_em64t=TRUE -mP1OPT_version=19.1-intel64 -mGLOB_diag_file=CMakeFiles/cmTC_6dfe0.dir/CMakeCXXCompilerABI.cpp.diag -mGLOB_long_size_64 -mGLOB_routine_pointer_size_64 -mP1OPT_print_version=FALSE -mCG_use_gas_got_workaround=F -mP2OPT_align_option_used=TRUE -mGLOB_gcc_version=485 "-mGLOB_options_string=-v -o cmTC_6dfe0" -mGLOB_cxx_limited_range=FALSE -mCG_extend_parms=FALSE -mGLOB_compiler_bin_directory=/opt/global/RedHat-7/20210114qa/intel/compilers_and_libraries_2020.2.254/linux/bin/intel64 -mGLOB_as_output_backup_file_name=/tmp/icpcCe7RvKas_.s -mGLOB_dashboard_use_source_name -mIPOPT_activate -mGLOB_product_id_code=0x22006d90 -mP3OPT_use_mspp_call_convention -mP2OPT_subs_out_of_bound=FALSE -mP2OPT_disam_type_based_disam=2 -mP2OPT_disam_assume_ansi_c -mP2OPT_checked_disam_ansi_alias=TRUE -mGLOB_ansi_alias -mPGOPTI_value_profile_use=T -mGLOB_opt_report_use_source_name -mP2OPT_il0_array_sections=TRUE -mGLOB_offload_mode=1 -mP2OPT_offload_unique_var_string=icpc0413422589kLIHye -mP2OPT_hlo -mP2OPT_hpo_rtt_control=0 -mIPOPT_args_in_regs=0 -mP2OPT_disam_assume_nonstd_intent_in=FALSE -mGLOB_imf_mapping_library=/opt/global/RedHat-7/20210114qa/intel/compilers_and_libraries_2020.2.254/linux/bin/intel64/libiml_attr.so -mPGOPTI_gen_threadsafe_level=0 -mIPOPT_link -mIPOPT_ipo_activate -mIPOPT_mo_activate -mIPOPT_source_files_list=/tmp/icpcslisrrZQNv -mIPOPT_mo_global_data -mIPOPT_link_script_file=/tmp/icpcscript95mR97 "-mIPOPT_cmdline_link="/usr/lib/gcc/x86_64-redhat-linux/4.8.5/../../../../lib64/crt1.o" "/usr/lib/gcc/x86_64-redhat-linux/4.8.5/../../../../lib64/crti.o" "/usr/lib/gcc/x86_64-redhat-linux/4.8.5/crtbegin.o" "--eh-frame-hdr" "--build-id" "-dynamic-linker" "/lib64/ld-linux-x86-64.so.2" "-m" "elf_x86_64" "-o" "cmTC_6dfe0" "-L/opt/global/RedHat-7/20210108/intel/compilers_and_libraries_2020.2.254/linux/mpi/intel64/libfabric/lib" "-L/opt/aci/intel/compilers_and_libraries_2020.2.254/linux/ipp/lib/intel64" "-L/opt/aci/intel/compilers_and_libraries_2020.2.254/linux/compiler/lib/intel64_lin" "-L/opt/aci/intel/compilers_and_libraries_2020.2.254/linux/mkl/lib/intel64_lin" "-L/opt/aci/intel/compilers_and_libraries_2020.2.254/linux/tbb/lib/intel64/gcc4.8" "-L/opt/aci/intel/compilers_and_libraries_2020.2.254/linux/daal/lib/intel64_lin" "-L/opt/aci/intel/compilers_and_libraries_2020.2.254/linux/daal/../tbb/lib/intel64_lin/gcc4.4" "-L/opt/aci/intel/compilers_and_libraries_2020.2.254/linux/daal/../tbb/lib/intel64_lin/gcc4.8" "-L/opt/aci/intel/compilers_and_libraries_2020.2.254/linux/lib" "-L/opt/global/RedHat-7/20210114qa/intel/compilers_and_libraries_2020.2.254/linux/compiler/lib/intel64_lin" "-L/usr/lib/gcc/x86_64-redhat-linux/4.8.5/" "-L/usr/lib/gcc/x86_64-redhat-linux/4.8.5/../../../../lib64" "-L/usr/lib/gcc/x86_64-redhat-linux/4.8.5/../../../../lib64/" "-L/lib/../lib64" "-L/lib/../lib64/" "-L/usr/lib/../lib64" "-L/usr/lib/../lib64/" "-L/opt/global/RedHat-7/20210108/intel/compilers_and_libraries_2020.2.254/linux/mpi/intel64/libfabric/lib/" "-L/opt/aci/intel/compilers_and_libraries_2020.2.254/linux/ipp/lib/intel64/" "-L/opt/aci/intel/compilers_and_libraries_2020.2.254/linux/compiler/lib/intel64_lin/" "-L/opt/aci/intel/compilers_and_libraries_2020.2.254/linux/mkl/lib/intel64_lin/" "-L/opt/aci/intel/compilers_and_libraries_2020.2.254/linux/tbb/lib/intel64/gcc4.8/" "-L/opt/aci/intel/compilers_and_libraries_2020.2.254/linux/daal/lib/intel64_lin/" "-L/opt/aci/intel/compilers_and_libraries_2020.2.254/linux/daal/../tbb/lib/intel64_lin/gcc4.8/" "-L/opt/aci/intel/compilers_and_libraries_2020.2.254/linux/lib/" "-L/usr/lib/gcc/x86_64-redhat-linux/4.8.5/../../../" "-L/lib64" "-L/lib/" "-L/usr/lib64" "-L/usr/lib" "CMakeFiles/cmTC_6dfe0.dir/CMakeCXXCompilerABI.cpp.o" "-Bdynamic" "-Bstatic" "-limf" "-lsvml" "-lirng" "-Bdynamic" "-lstdc++" "-lm" "-Bstatic" "-lipgo" "-ldecimal" "--as-needed" "-Bdynamic" "-lcilkrts" "--no-as-needed" "-lstdc++" "-lgcc" "-lgcc_s" "-Bstatic" "-lirc" "-lsvml" "-Bdynamic" "-lc" "-lgcc" "-lgcc_s" "-Bstatic" "-lirc_s" "-Bdynamic" "-ldl" "-lc" "/usr/lib/gcc/x86_64-redhat-linux/4.8.5/crtend.o" "/usr/lib/gcc/x86_64-redhat-linux/4.8.5/../../../../lib64/crtn.o"" -mIPOPT_il_in_obj -mIPOPT_ipo_activate_warn=FALSE -mIPOPT_obj_output_file_name=/tmp/ipo_icpcwLFUFN.o -mIPOPT_whole_archive_fixup_file_name=/tmp/icpcwarchGmtAeZ -mGLOB_linker_version=2.27 -mGLOB_linker=ld -mGLOB_driver_tempfile_name=/tmp/icpctempfileRoYhBB -mP3OPT_asm_target=P3OPT_ASM_TARGET_GAS -mGLOB_async_unwind_tables=TRUE -mGLOB_obj_output_file=/tmp/ipo_icpcwLFUFN.o -mGLOB_source_dialect=GLOB_SOURCE_DIALECT_NONE -mP1OPT_source_file_name=ipo_out.c CMakeFiles/cmTC_6dfe0.dir/CMakeCXXCompilerABI.cpp.o -mIPOPT_object_files=T -mIPOPT_assembly_files=/tmp/icpcalis0mmSn2 -mIPOPT_generated_tempfiles=/tmp/icpcelisAoBRJE -mIPOPT_embedded_object_base_name=/tmp/icpceobj3N7Q5g -mIPOPT_cmdline_link_new_name=/tmp/icpclliswDTQrT]
  link line: [ld    /usr/lib/gcc/x86_64-redhat-linux/4.8.5/../../../../lib64/crt1.o /usr/lib/gcc/x86_64-redhat-linux/4.8.5/../../../../lib64/crti.o /usr/lib/gcc/x86_64-redhat-linux/4.8.5/crtbegin.o --eh-frame-hdr --build-id -dynamic-linker /lib64/ld-linux-x86-64.so.2 -m elf_x86_64 -o cmTC_6dfe0 -L/opt/global/RedHat-7/20210108/intel/compilers_and_libraries_2020.2.254/linux/mpi/intel64/libfabric/lib -L/opt/aci/intel/compilers_and_libraries_2020.2.254/linux/ipp/lib/intel64 -L/opt/aci/intel/compilers_and_libraries_2020.2.254/linux/compiler/lib/intel64_lin -L/opt/aci/intel/compilers_and_libraries_2020.2.254/linux/mkl/lib/intel64_lin -L/opt/aci/intel/compilers_and_libraries_2020.2.254/linux/tbb/lib/intel64/gcc4.8 -L/opt/aci/intel/compilers_and_libraries_2020.2.254/linux/daal/lib/intel64_lin -L/opt/aci/intel/compilers_and_libraries_2020.2.254/linux/daal/../tbb/lib/intel64_lin/gcc4.4 -L/opt/aci/intel/compilers_and_libraries_2020.2.254/linux/daal/../tbb/lib/intel64_lin/gcc4.8 -L/opt/aci/intel/compilers_and_libraries_2020.2.254/linux/lib -L/opt/global/RedHat-7/20210114qa/intel/compilers_and_libraries_2020.2.254/linux/compiler/lib/intel64_lin -L/usr/lib/gcc/x86_64-redhat-linux/4.8.5/ -L/usr/lib/gcc/x86_64-redhat-linux/4.8.5/../../../../lib64 -L/usr/lib/gcc/x86_64-redhat-linux/4.8.5/../../../../lib64/ -L/lib/../lib64 -L/lib/../lib64/ -L/usr/lib/../lib64 -L/usr/lib/../lib64/ -L/opt/global/RedHat-7/20210108/intel/compilers_and_libraries_2020.2.254/linux/mpi/intel64/libfabric/lib/ -L/opt/aci/intel/compilers_and_libraries_2020.2.254/linux/ipp/lib/intel64/ -L/opt/aci/intel/compilers_and_libraries_2020.2.254/linux/compiler/lib/intel64_lin/ -L/opt/aci/intel/compilers_and_libraries_2020.2.254/linux/mkl/lib/intel64_lin/ -L/opt/aci/intel/compilers_and_libraries_2020.2.254/linux/tbb/lib/intel64/gcc4.8/ -L/opt/aci/intel/compilers_and_libraries_2020.2.254/linux/daal/lib/intel64_lin/ -L/opt/aci/intel/compilers_and_libraries_2020.2.254/linux/daal/../tbb/lib/intel64_lin/gcc4.8/ -L/opt/aci/intel/compilers_and_libraries_2020.2.254/linux/lib/ -L/usr/lib/gcc/x86_64-redhat-linux/4.8.5/../../../ -L/lib64 -L/lib/ -L/usr/lib64 -L/usr/lib CMakeFiles/cmTC_6dfe0.dir/CMakeCXXCompilerABI.cpp.o -Bdynamic -Bstatic -limf -lsvml -lirng -Bdynamic -lstdc++ -lm -Bstatic -lipgo -ldecimal --as-needed -Bdynamic -lcilkrts --no-as-needed -lstdc++ -lgcc -lgcc_s -Bstatic -lirc -lsvml -Bdynamic -lc -lgcc -lgcc_s -Bstatic -lirc_s -Bdynamic -ldl -lc /usr/lib/gcc/x86_64-redhat-linux/4.8.5/crtend.o /usr/lib/gcc/x86_64-redhat-linux/4.8.5/../../../../lib64/crtn.o]
    arg [ld] ==> ignore
    arg [/usr/lib/gcc/x86_64-redhat-linux/4.8.5/../../../../lib64/crt1.o] ==> ignore
    arg [/usr/lib/gcc/x86_64-redhat-linux/4.8.5/../../../../lib64/crti.o] ==> ignore
    arg [/usr/lib/gcc/x86_64-redhat-linux/4.8.5/crtbegin.o] ==> ignore
    arg [--eh-frame-hdr] ==> ignore
    arg [--build-id] ==> ignore
    arg [-dynamic-linker] ==> ignore
    arg [/lib64/ld-linux-x86-64.so.2] ==> ignore
    arg [-m] ==> ignore
    arg [elf_x86_64] ==> ignore
    arg [-o] ==> ignore
    arg [cmTC_6dfe0] ==> ignore
    arg [-L/opt/global/RedHat-7/20210108/intel/compilers_and_libraries_2020.2.254/linux/mpi/intel64/libfabric/lib] ==> dir [/opt/global/RedHat-7/20210108/intel/compilers_and_libraries_2020.2.254/linux/mpi/intel64/libfabric/lib]
    arg [-L/opt/aci/intel/compilers_and_libraries_2020.2.254/linux/ipp/lib/intel64] ==> dir [/opt/aci/intel/compilers_and_libraries_2020.2.254/linux/ipp/lib/intel64]
    arg [-L/opt/aci/intel/compilers_and_libraries_2020.2.254/linux/compiler/lib/intel64_lin] ==> dir [/opt/aci/intel/compilers_and_libraries_2020.2.254/linux/compiler/lib/intel64_lin]
    arg [-L/opt/aci/intel/compilers_and_libraries_2020.2.254/linux/mkl/lib/intel64_lin] ==> dir [/opt/aci/intel/compilers_and_libraries_2020.2.254/linux/mkl/lib/intel64_lin]
    arg [-L/opt/aci/intel/compilers_and_libraries_2020.2.254/linux/tbb/lib/intel64/gcc4.8] ==> dir [/opt/aci/intel/compilers_and_libraries_2020.2.254/linux/tbb/lib/intel64/gcc4.8]
    arg [-L/opt/aci/intel/compilers_and_libraries_2020.2.254/linux/daal/lib/intel64_lin] ==> dir [/opt/aci/intel/compilers_and_libraries_2020.2.254/linux/daal/lib/intel64_lin]
    arg [-L/opt/aci/intel/compilers_and_libraries_2020.2.254/linux/daal/../tbb/lib/intel64_lin/gcc4.4] ==> dir [/opt/aci/intel/compilers_and_libraries_2020.2.254/linux/daal/../tbb/lib/intel64_lin/gcc4.4]
    arg [-L/opt/aci/intel/compilers_and_libraries_2020.2.254/linux/daal/../tbb/lib/intel64_lin/gcc4.8] ==> dir [/opt/aci/intel/compilers_and_libraries_2020.2.254/linux/daal/../tbb/lib/intel64_lin/gcc4.8]
    arg [-L/opt/aci/intel/compilers_and_libraries_2020.2.254/linux/lib] ==> dir [/opt/aci/intel/compilers_and_libraries_2020.2.254/linux/lib]
    arg [-L/opt/global/RedHat-7/20210114qa/intel/compilers_and_libraries_2020.2.254/linux/compiler/lib/intel64_lin] ==> dir [/opt/global/RedHat-7/20210114qa/intel/compilers_and_libraries_2020.2.254/linux/compiler/lib/intel64_lin]
    arg [-L/usr/lib/gcc/x86_64-redhat-linux/4.8.5/] ==> dir [/usr/lib/gcc/x86_64-redhat-linux/4.8.5/]
    arg [-L/usr/lib/gcc/x86_64-redhat-linux/4.8.5/../../../../lib64] ==> dir [/usr/lib/gcc/x86_64-redhat-linux/4.8.5/../../../../lib64]
    arg [-L/usr/lib/gcc/x86_64-redhat-linux/4.8.5/../../../../lib64/] ==> dir [/usr/lib/gcc/x86_64-redhat-linux/4.8.5/../../../../lib64/]
    arg [-L/lib/../lib64] ==> dir [/lib/../lib64]
    arg [-L/lib/../lib64/] ==> dir [/lib/../lib64/]
    arg [-L/usr/lib/../lib64] ==> dir [/usr/lib/../lib64]
    arg [-L/usr/lib/../lib64/] ==> dir [/usr/lib/../lib64/]
    arg [-L/opt/global/RedHat-7/20210108/intel/compilers_and_libraries_2020.2.254/linux/mpi/intel64/libfabric/lib/] ==> dir [/opt/global/RedHat-7/20210108/intel/compilers_and_libraries_2020.2.254/linux/mpi/intel64/libfabric/lib/]
    arg [-L/opt/aci/intel/compilers_and_libraries_2020.2.254/linux/ipp/lib/intel64/] ==> dir [/opt/aci/intel/compilers_and_libraries_2020.2.254/linux/ipp/lib/intel64/]
    arg [-L/opt/aci/intel/compilers_and_libraries_2020.2.254/linux/compiler/lib/intel64_lin/] ==> dir [/opt/aci/intel/compilers_and_libraries_2020.2.254/linux/compiler/lib/intel64_lin/]
    arg [-L/opt/aci/intel/compilers_and_libraries_2020.2.254/linux/mkl/lib/intel64_lin/] ==> dir [/opt/aci/intel/compilers_and_libraries_2020.2.254/linux/mkl/lib/intel64_lin/]
    arg [-L/opt/aci/intel/compilers_and_libraries_2020.2.254/linux/tbb/lib/intel64/gcc4.8/] ==> dir [/opt/aci/intel/compilers_and_libraries_2020.2.254/linux/tbb/lib/intel64/gcc4.8/]
    arg [-L/opt/aci/intel/compilers_and_libraries_2020.2.254/linux/daal/lib/intel64_lin/] ==> dir [/opt/aci/intel/compilers_and_libraries_2020.2.254/linux/daal/lib/intel64_lin/]
    arg [-L/opt/aci/intel/compilers_and_libraries_2020.2.254/linux/daal/../tbb/lib/intel64_lin/gcc4.8/] ==> dir [/opt/aci/intel/compilers_and_libraries_2020.2.254/linux/daal/../tbb/lib/intel64_lin/gcc4.8/]
    arg [-L/opt/aci/intel/compilers_and_libraries_2020.2.254/linux/lib/] ==> dir [/opt/aci/intel/compilers_and_libraries_2020.2.254/linux/lib/]
    arg [-L/usr/lib/gcc/x86_64-redhat-linux/4.8.5/../../../] ==> dir [/usr/lib/gcc/x86_64-redhat-linux/4.8.5/../../../]
    arg [-L/lib64] ==> dir [/lib64]
    arg [-L/lib/] ==> dir [/lib/]
    arg [-L/usr/lib64] ==> dir [/usr/lib64]
    arg [-L/usr/lib] ==> dir [/usr/lib]
    arg [CMakeFiles/cmTC_6dfe0.dir/CMakeCXXCompilerABI.cpp.o] ==> ignore
    arg [-Bdynamic] ==> ignore
    arg [-Bstatic] ==> ignore
    arg [-limf] ==> lib [imf]
    arg [-lsvml] ==> lib [svml]
    arg [-lirng] ==> lib [irng]
    arg [-Bdynamic] ==> ignore
    arg [-lstdc++] ==> lib [stdc++]
    arg [-lm] ==> lib [m]
    arg [-Bstatic] ==> ignore
    arg [-lipgo] ==> lib [ipgo]
    arg [-ldecimal] ==> lib [decimal]
    arg [--as-needed] ==> ignore
    arg [-Bdynamic] ==> ignore
    arg [-lcilkrts] ==> lib [cilkrts]
    arg [--no-as-needed] ==> ignore
    arg [-lstdc++] ==> lib [stdc++]
    arg [-lgcc] ==> lib [gcc]
    arg [-lgcc_s] ==> lib [gcc_s]
    arg [-Bstatic] ==> ignore
    arg [-lirc] ==> lib [irc]
    arg [-lsvml] ==> lib [svml]
    arg [-Bdynamic] ==> ignore
    arg [-lc] ==> lib [c]
    arg [-lgcc] ==> lib [gcc]
    arg [-lgcc_s] ==> lib [gcc_s]
    arg [-Bstatic] ==> ignore
    arg [-lirc_s] ==> lib [irc_s]
    arg [-Bdynamic] ==> ignore
    arg [-ldl] ==> lib [dl]
    arg [-lc] ==> lib [c]
    arg [/usr/lib/gcc/x86_64-redhat-linux/4.8.5/crtend.o] ==> ignore
    arg [/usr/lib/gcc/x86_64-redhat-linux/4.8.5/../../../../lib64/crtn.o] ==> ignore
  collapse library dir [/opt/global/RedHat-7/20210108/intel/compilers_and_libraries_2020.2.254/linux/mpi/intel64/libfabric/lib] ==> [/opt/global/RedHat-7/20210108/intel/compilers_and_libraries_2020.2.254/linux/mpi/intel64/libfabric/lib]
  collapse library dir [/opt/aci/intel/compilers_and_libraries_2020.2.254/linux/ipp/lib/intel64] ==> [/opt/aci/intel/compilers_and_libraries_2020.2.254/linux/ipp/lib/intel64]
  collapse library dir [/opt/aci/intel/compilers_and_libraries_2020.2.254/linux/compiler/lib/intel64_lin] ==> [/opt/aci/intel/compilers_and_libraries_2020.2.254/linux/compiler/lib/intel64_lin]
  collapse library dir [/opt/aci/intel/compilers_and_libraries_2020.2.254/linux/mkl/lib/intel64_lin] ==> [/opt/aci/intel/compilers_and_libraries_2020.2.254/linux/mkl/lib/intel64_lin]
  collapse library dir [/opt/aci/intel/compilers_and_libraries_2020.2.254/linux/tbb/lib/intel64/gcc4.8] ==> [/opt/aci/intel/compilers_and_libraries_2020.2.254/linux/tbb/lib/intel64/gcc4.8]
  collapse library dir [/opt/aci/intel/compilers_and_libraries_2020.2.254/linux/daal/lib/intel64_lin] ==> [/opt/aci/intel/compilers_and_libraries_2020.2.254/linux/daal/lib/intel64_lin]
  collapse library dir [/opt/aci/intel/compilers_and_libraries_2020.2.254/linux/daal/../tbb/lib/intel64_lin/gcc4.4] ==> [/opt/aci/intel/compilers_and_libraries_2020.2.254/linux/tbb/lib/intel64_lin/gcc4.4]
  collapse library dir [/opt/aci/intel/compilers_and_libraries_2020.2.254/linux/daal/../tbb/lib/intel64_lin/gcc4.8] ==> [/opt/aci/intel/compilers_and_libraries_2020.2.254/linux/tbb/lib/intel64_lin/gcc4.8]
  collapse library dir [/opt/aci/intel/compilers_and_libraries_2020.2.254/linux/lib] ==> [/opt/aci/intel/compilers_and_libraries_2020.2.254/linux/lib]
  collapse library dir [/opt/global/RedHat-7/20210114qa/intel/compilers_and_libraries_2020.2.254/linux/compiler/lib/intel64_lin] ==> [/opt/global/RedHat-7/20210114qa/intel/compilers_and_libraries_2020.2.254/linux/compiler/lib/intel64_lin]
  collapse library dir [/usr/lib/gcc/x86_64-redhat-linux/4.8.5/] ==> [/usr/lib/gcc/x86_64-redhat-linux/4.8.5]
  collapse library dir [/usr/lib/gcc/x86_64-redhat-linux/4.8.5/../../../../lib64] ==> [/usr/lib64]
  collapse library dir [/usr/lib/gcc/x86_64-redhat-linux/4.8.5/../../../../lib64/] ==> [/usr/lib64]
  collapse library dir [/lib/../lib64] ==> [/lib64]
  collapse library dir [/lib/../lib64/] ==> [/lib64]
  collapse library dir [/usr/lib/../lib64] ==> [/usr/lib64]
  collapse library dir [/usr/lib/../lib64/] ==> [/usr/lib64]
  collapse library dir [/opt/global/RedHat-7/20210108/intel/compilers_and_libraries_2020.2.254/linux/mpi/intel64/libfabric/lib/] ==> [/opt/global/RedHat-7/20210108/intel/compilers_and_libraries_2020.2.254/linux/mpi/intel64/libfabric/lib]
  collapse library dir [/opt/aci/intel/compilers_and_libraries_2020.2.254/linux/ipp/lib/intel64/] ==> [/opt/aci/intel/compilers_and_libraries_2020.2.254/linux/ipp/lib/intel64]
  collapse library dir [/opt/aci/intel/compilers_and_libraries_2020.2.254/linux/compiler/lib/intel64_lin/] ==> [/opt/aci/intel/compilers_and_libraries_2020.2.254/linux/compiler/lib/intel64_lin]
  collapse library dir [/opt/aci/intel/compilers_and_libraries_2020.2.254/linux/mkl/lib/intel64_lin/] ==> [/opt/aci/intel/compilers_and_libraries_2020.2.254/linux/mkl/lib/intel64_lin]
  collapse library dir [/opt/aci/intel/compilers_and_libraries_2020.2.254/linux/tbb/lib/intel64/gcc4.8/] ==> [/opt/aci/intel/compilers_and_libraries_2020.2.254/linux/tbb/lib/intel64/gcc4.8]
  collapse library dir [/opt/aci/intel/compilers_and_libraries_2020.2.254/linux/daal/lib/intel64_lin/] ==> [/opt/aci/intel/compilers_and_libraries_2020.2.254/linux/daal/lib/intel64_lin]
  collapse library dir [/opt/aci/intel/compilers_and_libraries_2020.2.254/linux/daal/../tbb/lib/intel64_lin/gcc4.8/] ==> [/opt/aci/intel/compilers_and_libraries_2020.2.254/linux/tbb/lib/intel64_lin/gcc4.8]
  collapse library dir [/opt/aci/intel/compilers_and_libraries_2020.2.254/linux/lib/] ==> [/opt/aci/intel/compilers_and_libraries_2020.2.254/linux/lib]
  collapse library dir [/usr/lib/gcc/x86_64-redhat-linux/4.8.5/../../../] ==> [/usr/lib]
  collapse library dir [/lib64] ==> [/lib64]
  collapse library dir [/lib/] ==> [/lib]
  collapse library dir [/usr/lib64] ==> [/usr/lib64]
  collapse library dir [/usr/lib] ==> [/usr/lib]
  implicit libs: [imf;svml;irng;stdc++;m;ipgo;decimal;cilkrts;stdc++;gcc;gcc_s;irc;svml;c;gcc;gcc_s;irc_s;dl;c]
  implicit dirs: [/opt/global/RedHat-7/20210108/intel/compilers_and_libraries_2020.2.254/linux/mpi/intel64/libfabric/lib;/opt/aci/intel/compilers_and_libraries_2020.2.254/linux/ipp/lib/intel64;/opt/aci/intel/compilers_and_libraries_2020.2.254/linux/compiler/lib/intel64_lin;/opt/aci/intel/compilers_and_libraries_2020.2.254/linux/mkl/lib/intel64_lin;/opt/aci/intel/compilers_and_libraries_2020.2.254/linux/tbb/lib/intel64/gcc4.8;/opt/aci/intel/compilers_and_libraries_2020.2.254/linux/daal/lib/intel64_lin;/opt/aci/intel/compilers_and_libraries_2020.2.254/linux/tbb/lib/intel64_lin/gcc4.4;/opt/aci/intel/compilers_and_libraries_2020.2.254/linux/tbb/lib/intel64_lin/gcc4.8;/opt/aci/intel/compilers_and_libraries_2020.2.254/linux/lib;/opt/global/RedHat-7/20210114qa/intel/compilers_and_libraries_2020.2.254/linux/compiler/lib/intel64_lin;/usr/lib/gcc/x86_64-redhat-linux/4.8.5;/usr/lib64;/lib64;/usr/lib;/lib]
  implicit fwks: []


